“Run: 1”
/cm/local/apps/slurm/var/spool/job939859/slurm_script: line 23: $'\nconda create --name tpot2env -c conda-forge python=3.10\n': command not found
/cm/local/apps/slurm/var/spool/job939859/slurm_script: line 27: $'\npip install -r requirements.txt\n': command not found
RunStart
data/167104_True.pkl
data/167104_True.pkl
data/167104_True.pkl
  0%|          | 0/5 [00:00<?, ?it/s]Generation:   0%|          | 0/5 [00:00<?, ?it/s]Generation:  20%|██        | 1/5 [00:03<00:12,  3.23s/it]Generation:  40%|████      | 2/5 [00:05<00:07,  2.60s/it]Generation:  60%|██████    | 3/5 [00:07<00:04,  2.37s/it]Generation:  80%|████████  | 4/5 [00:10<00:02,  2.54s/it]Generation: 100%|██████████| 5/5 [00:14<00:00,  3.11s/it]Generation: 100%|██████████| 5/5 [00:14<00:00,  2.88s/it]
/home/hodesse/miniconda3/envs/tpot2env/lib/python3.10/site-packages/sklearn/preprocessing/_data.py:2785: UserWarning: n_quantiles (1406) is greater than the total number of samples (463). n_quantiles is set to n_samples.
  warnings.warn(
/home/hodesse/miniconda3/envs/tpot2env/lib/python3.10/site-packages/sklearn/preprocessing/_data.py:2785: UserWarning: n_quantiles (709) is greater than the total number of samples (463). n_quantiles is set to n_samples.
  warnings.warn(
/home/hodesse/miniconda3/envs/tpot2env/lib/python3.10/site-packages/sklearn/preprocessing/_data.py:2785: UserWarning: n_quantiles (709) is greater than the total number of samples (463). n_quantiles is set to n_samples.
  warnings.warn(
/home/hodesse/miniconda3/envs/tpot2env/lib/python3.10/site-packages/sklearn/preprocessing/_data.py:2785: UserWarning: n_quantiles (1406) is greater than the total number of samples (463). n_quantiles is set to n_samples.
  warnings.warn(
/home/hodesse/miniconda3/envs/tpot2env/lib/python3.10/site-packages/sklearn/preprocessing/_data.py:2785: UserWarning: n_quantiles (709) is greater than the total number of samples (463). n_quantiles is set to n_samples.
  warnings.warn(
/home/hodesse/miniconda3/envs/tpot2env/lib/python3.10/site-packages/sklearn/decomposition/_fastica.py:595: UserWarning: n_components is too large: it will be set to 4
  warnings.warn(
/home/hodesse/miniconda3/envs/tpot2env/lib/python3.10/site-packages/sklearn/preprocessing/_data.py:2785: UserWarning: n_quantiles (1406) is greater than the total number of samples (463). n_quantiles is set to n_samples.
  warnings.warn(
/home/hodesse/miniconda3/envs/tpot2env/lib/python3.10/site-packages/sklearn/preprocessing/_data.py:2785: UserWarning: n_quantiles (1406) is greater than the total number of samples (463). n_quantiles is set to n_samples.
  warnings.warn(
/home/hodesse/miniconda3/envs/tpot2env/lib/python3.10/site-packages/sklearn/preprocessing/_data.py:2785: UserWarning: n_quantiles (709) is greater than the total number of samples (463). n_quantiles is set to n_samples.
  warnings.warn(
/home/hodesse/miniconda3/envs/tpot2env/lib/python3.10/site-packages/sklearn/decomposition/_fastica.py:595: UserWarning: n_components is too large: it will be set to 39
  warnings.warn(
/home/hodesse/miniconda3/envs/tpot2env/lib/python3.10/site-packages/sklearn/decomposition/_fastica.py:128: ConvergenceWarning: FastICA did not converge. Consider increasing tolerance or the maximum number of iterations.
  warnings.warn(
/home/hodesse/miniconda3/envs/tpot2env/lib/python3.10/site-packages/sklearn/preprocessing/_data.py:2785: UserWarning: n_quantiles (709) is greater than the total number of samples (370). n_quantiles is set to n_samples.
  warnings.warn(
/home/hodesse/miniconda3/envs/tpot2env/lib/python3.10/site-packages/sklearn/preprocessing/_data.py:2785: UserWarning: n_quantiles (709) is greater than the total number of samples (370). n_quantiles is set to n_samples.
  warnings.warn(
/home/hodesse/miniconda3/envs/tpot2env/lib/python3.10/site-packages/sklearn/preprocessing/_data.py:2785: UserWarning: n_quantiles (1406) is greater than the total number of samples (370). n_quantiles is set to n_samples.
  warnings.warn(
/home/hodesse/miniconda3/envs/tpot2env/lib/python3.10/site-packages/sklearn/preprocessing/_data.py:2785: UserWarning: n_quantiles (709) is greater than the total number of samples (370). n_quantiles is set to n_samples.
  warnings.warn(
/home/hodesse/miniconda3/envs/tpot2env/lib/python3.10/site-packages/sklearn/decomposition/_fastica.py:595: UserWarning: n_components is too large: it will be set to 4
  warnings.warn(
/home/hodesse/miniconda3/envs/tpot2env/lib/python3.10/site-packages/sklearn/preprocessing/_data.py:2785: UserWarning: n_quantiles (1406) is greater than the total number of samples (370). n_quantiles is set to n_samples.
  warnings.warn(
/home/hodesse/miniconda3/envs/tpot2env/lib/python3.10/site-packages/sklearn/preprocessing/_data.py:2785: UserWarning: n_quantiles (1406) is greater than the total number of samples (370). n_quantiles is set to n_samples.
  warnings.warn(
/home/hodesse/miniconda3/envs/tpot2env/lib/python3.10/site-packages/sklearn/preprocessing/_data.py:2785: UserWarning: n_quantiles (709) is greater than the total number of samples (370). n_quantiles is set to n_samples.
  warnings.warn(
/home/hodesse/miniconda3/envs/tpot2env/lib/python3.10/site-packages/sklearn/decomposition/_fastica.py:595: UserWarning: n_components is too large: it will be set to 55
  warnings.warn(
/home/hodesse/miniconda3/envs/tpot2env/lib/python3.10/site-packages/sklearn/decomposition/_fastica.py:128: ConvergenceWarning: FastICA did not converge. Consider increasing tolerance or the maximum number of iterations.
  warnings.warn(
/home/hodesse/miniconda3/envs/tpot2env/lib/python3.10/site-packages/sklearn/preprocessing/_data.py:2785: UserWarning: n_quantiles (709) is greater than the total number of samples (370). n_quantiles is set to n_samples.
  warnings.warn(
/home/hodesse/miniconda3/envs/tpot2env/lib/python3.10/site-packages/sklearn/preprocessing/_data.py:2785: UserWarning: n_quantiles (709) is greater than the total number of samples (370). n_quantiles is set to n_samples.
  warnings.warn(
/home/hodesse/miniconda3/envs/tpot2env/lib/python3.10/site-packages/sklearn/preprocessing/_data.py:2785: UserWarning: n_quantiles (1406) is greater than the total number of samples (370). n_quantiles is set to n_samples.
  warnings.warn(
/home/hodesse/miniconda3/envs/tpot2env/lib/python3.10/site-packages/sklearn/preprocessing/_data.py:2785: UserWarning: n_quantiles (709) is greater than the total number of samples (370). n_quantiles is set to n_samples.
  warnings.warn(
/home/hodesse/miniconda3/envs/tpot2env/lib/python3.10/site-packages/sklearn/decomposition/_fastica.py:595: UserWarning: n_components is too large: it will be set to 4
  warnings.warn(
/home/hodesse/miniconda3/envs/tpot2env/lib/python3.10/site-packages/sklearn/preprocessing/_data.py:2785: UserWarning: n_quantiles (1406) is greater than the total number of samples (370). n_quantiles is set to n_samples.
  warnings.warn(
/home/hodesse/miniconda3/envs/tpot2env/lib/python3.10/site-packages/sklearn/preprocessing/_data.py:2785: UserWarning: n_quantiles (1406) is greater than the total number of samples (370). n_quantiles is set to n_samples.
  warnings.warn(
/home/hodesse/miniconda3/envs/tpot2env/lib/python3.10/site-packages/sklearn/preprocessing/_data.py:2785: UserWarning: n_quantiles (709) is greater than the total number of samples (370). n_quantiles is set to n_samples.
  warnings.warn(
/home/hodesse/miniconda3/envs/tpot2env/lib/python3.10/site-packages/sklearn/decomposition/_fastica.py:595: UserWarning: n_components is too large: it will be set to 56
  warnings.warn(
/home/hodesse/miniconda3/envs/tpot2env/lib/python3.10/site-packages/sklearn/decomposition/_fastica.py:128: ConvergenceWarning: FastICA did not converge. Consider increasing tolerance or the maximum number of iterations.
  warnings.warn(
/home/hodesse/miniconda3/envs/tpot2env/lib/python3.10/site-packages/sklearn/preprocessing/_data.py:2785: UserWarning: n_quantiles (709) is greater than the total number of samples (370). n_quantiles is set to n_samples.
  warnings.warn(
/home/hodesse/miniconda3/envs/tpot2env/lib/python3.10/site-packages/sklearn/preprocessing/_data.py:2785: UserWarning: n_quantiles (709) is greater than the total number of samples (370). n_quantiles is set to n_samples.
  warnings.warn(
/home/hodesse/miniconda3/envs/tpot2env/lib/python3.10/site-packages/sklearn/preprocessing/_data.py:2785: UserWarning: n_quantiles (1406) is greater than the total number of samples (370). n_quantiles is set to n_samples.
  warnings.warn(
/home/hodesse/miniconda3/envs/tpot2env/lib/python3.10/site-packages/sklearn/preprocessing/_data.py:2785: UserWarning: n_quantiles (709) is greater than the total number of samples (370). n_quantiles is set to n_samples.
  warnings.warn(
/home/hodesse/miniconda3/envs/tpot2env/lib/python3.10/site-packages/sklearn/decomposition/_fastica.py:595: UserWarning: n_components is too large: it will be set to 4
  warnings.warn(
/home/hodesse/miniconda3/envs/tpot2env/lib/python3.10/site-packages/sklearn/preprocessing/_data.py:2785: UserWarning: n_quantiles (1406) is greater than the total number of samples (370). n_quantiles is set to n_samples.
  warnings.warn(
/home/hodesse/miniconda3/envs/tpot2env/lib/python3.10/site-packages/sklearn/preprocessing/_data.py:2785: UserWarning: n_quantiles (1406) is greater than the total number of samples (370). n_quantiles is set to n_samples.
  warnings.warn(
/home/hodesse/miniconda3/envs/tpot2env/lib/python3.10/site-packages/sklearn/preprocessing/_data.py:2785: UserWarning: n_quantiles (709) is greater than the total number of samples (370). n_quantiles is set to n_samples.
  warnings.warn(
/home/hodesse/miniconda3/envs/tpot2env/lib/python3.10/site-packages/sklearn/decomposition/_fastica.py:595: UserWarning: n_components is too large: it will be set to 56
  warnings.warn(
/home/hodesse/miniconda3/envs/tpot2env/lib/python3.10/site-packages/sklearn/decomposition/_fastica.py:128: ConvergenceWarning: FastICA did not converge. Consider increasing tolerance or the maximum number of iterations.
  warnings.warn(
/home/hodesse/miniconda3/envs/tpot2env/lib/python3.10/site-packages/sklearn/feature_selection/_univariate_selection.py:112: UserWarning: Features [22] are constant.
  warnings.warn("Features %s are constant." % constant_features_idx, UserWarning)
/home/hodesse/miniconda3/envs/tpot2env/lib/python3.10/site-packages/sklearn/feature_selection/_univariate_selection.py:113: RuntimeWarning: invalid value encountered in divide
  f = msb / msw
/home/hodesse/miniconda3/envs/tpot2env/lib/python3.10/site-packages/sklearn/preprocessing/_data.py:2785: UserWarning: n_quantiles (709) is greater than the total number of samples (371). n_quantiles is set to n_samples.
  warnings.warn(
/home/hodesse/miniconda3/envs/tpot2env/lib/python3.10/site-packages/sklearn/feature_selection/_univariate_selection.py:112: UserWarning: Features [22] are constant.
  warnings.warn("Features %s are constant." % constant_features_idx, UserWarning)
/home/hodesse/miniconda3/envs/tpot2env/lib/python3.10/site-packages/sklearn/feature_selection/_univariate_selection.py:113: RuntimeWarning: invalid value encountered in divide
  f = msb / msw
/home/hodesse/miniconda3/envs/tpot2env/lib/python3.10/site-packages/sklearn/feature_selection/_univariate_selection.py:112: UserWarning: Features [22] are constant.
  warnings.warn("Features %s are constant." % constant_features_idx, UserWarning)
/home/hodesse/miniconda3/envs/tpot2env/lib/python3.10/site-packages/sklearn/feature_selection/_univariate_selection.py:113: RuntimeWarning: invalid value encountered in divide
  f = msb / msw
/home/hodesse/miniconda3/envs/tpot2env/lib/python3.10/site-packages/sklearn/feature_selection/_univariate_selection.py:112: UserWarning: Features [22] are constant.
  warnings.warn("Features %s are constant." % constant_features_idx, UserWarning)
/home/hodesse/miniconda3/envs/tpot2env/lib/python3.10/site-packages/sklearn/feature_selection/_univariate_selection.py:113: RuntimeWarning: invalid value encountered in divide
  f = msb / msw
/home/hodesse/miniconda3/envs/tpot2env/lib/python3.10/site-packages/sklearn/preprocessing/_data.py:2785: UserWarning: n_quantiles (709) is greater than the total number of samples (371). n_quantiles is set to n_samples.
  warnings.warn(
/home/hodesse/miniconda3/envs/tpot2env/lib/python3.10/site-packages/sklearn/feature_selection/_univariate_selection.py:112: UserWarning: Features [22] are constant.
  warnings.warn("Features %s are constant." % constant_features_idx, UserWarning)
/home/hodesse/miniconda3/envs/tpot2env/lib/python3.10/site-packages/sklearn/feature_selection/_univariate_selection.py:113: RuntimeWarning: invalid value encountered in divide
  f = msb / msw
/home/hodesse/miniconda3/envs/tpot2env/lib/python3.10/site-packages/sklearn/feature_selection/_univariate_selection.py:112: UserWarning: Features [22] are constant.
  warnings.warn("Features %s are constant." % constant_features_idx, UserWarning)
/home/hodesse/miniconda3/envs/tpot2env/lib/python3.10/site-packages/sklearn/feature_selection/_univariate_selection.py:113: RuntimeWarning: invalid value encountered in divide
  f = msb / msw
/home/hodesse/miniconda3/envs/tpot2env/lib/python3.10/site-packages/sklearn/feature_selection/_univariate_selection.py:112: UserWarning: Features [22] are constant.
  warnings.warn("Features %s are constant." % constant_features_idx, UserWarning)
/home/hodesse/miniconda3/envs/tpot2env/lib/python3.10/site-packages/sklearn/feature_selection/_univariate_selection.py:113: RuntimeWarning: invalid value encountered in divide
  f = msb / msw
/home/hodesse/miniconda3/envs/tpot2env/lib/python3.10/site-packages/sklearn/feature_selection/_univariate_selection.py:112: UserWarning: Features [22] are constant.
  warnings.warn("Features %s are constant." % constant_features_idx, UserWarning)
/home/hodesse/miniconda3/envs/tpot2env/lib/python3.10/site-packages/sklearn/feature_selection/_univariate_selection.py:113: RuntimeWarning: invalid value encountered in divide
  f = msb / msw
/home/hodesse/miniconda3/envs/tpot2env/lib/python3.10/site-packages/sklearn/preprocessing/_data.py:2785: UserWarning: n_quantiles (1406) is greater than the total number of samples (371). n_quantiles is set to n_samples.
  warnings.warn(
/home/hodesse/miniconda3/envs/tpot2env/lib/python3.10/site-packages/sklearn/feature_selection/_univariate_selection.py:112: UserWarning: Features [22] are constant.
  warnings.warn("Features %s are constant." % constant_features_idx, UserWarning)
/home/hodesse/miniconda3/envs/tpot2env/lib/python3.10/site-packages/sklearn/feature_selection/_univariate_selection.py:113: RuntimeWarning: invalid value encountered in divide
  f = msb / msw
/home/hodesse/miniconda3/envs/tpot2env/lib/python3.10/site-packages/sklearn/feature_selection/_univariate_selection.py:112: UserWarning: Features [22] are constant.
  warnings.warn("Features %s are constant." % constant_features_idx, UserWarning)
/home/hodesse/miniconda3/envs/tpot2env/lib/python3.10/site-packages/sklearn/feature_selection/_univariate_selection.py:113: RuntimeWarning: invalid value encountered in divide
  f = msb / msw
/home/hodesse/miniconda3/envs/tpot2env/lib/python3.10/site-packages/sklearn/preprocessing/_data.py:2785: UserWarning: n_quantiles (709) is greater than the total number of samples (371). n_quantiles is set to n_samples.
  warnings.warn(
/home/hodesse/miniconda3/envs/tpot2env/lib/python3.10/site-packages/sklearn/feature_selection/_univariate_selection.py:112: UserWarning: Features [22] are constant.
  warnings.warn("Features %s are constant." % constant_features_idx, UserWarning)
/home/hodesse/miniconda3/envs/tpot2env/lib/python3.10/site-packages/sklearn/feature_selection/_univariate_selection.py:113: RuntimeWarning: invalid value encountered in divide
  f = msb / msw
/home/hodesse/miniconda3/envs/tpot2env/lib/python3.10/site-packages/sklearn/decomposition/_fastica.py:595: UserWarning: n_components is too large: it will be set to 4
  warnings.warn(
/home/hodesse/miniconda3/envs/tpot2env/lib/python3.10/site-packages/sklearn/feature_selection/_univariate_selection.py:112: UserWarning: Features [22] are constant.
  warnings.warn("Features %s are constant." % constant_features_idx, UserWarning)
/home/hodesse/miniconda3/envs/tpot2env/lib/python3.10/site-packages/sklearn/feature_selection/_univariate_selection.py:113: RuntimeWarning: invalid value encountered in divide
  f = msb / msw
/home/hodesse/miniconda3/envs/tpot2env/lib/python3.10/site-packages/sklearn/feature_selection/_univariate_selection.py:112: UserWarning: Features [22] are constant.
  warnings.warn("Features %s are constant." % constant_features_idx, UserWarning)
/home/hodesse/miniconda3/envs/tpot2env/lib/python3.10/site-packages/sklearn/feature_selection/_univariate_selection.py:113: RuntimeWarning: invalid value encountered in divide
  f = msb / msw
/home/hodesse/miniconda3/envs/tpot2env/lib/python3.10/site-packages/sklearn/feature_selection/_univariate_selection.py:112: UserWarning: Features [22] are constant.
  warnings.warn("Features %s are constant." % constant_features_idx, UserWarning)
/home/hodesse/miniconda3/envs/tpot2env/lib/python3.10/site-packages/sklearn/feature_selection/_univariate_selection.py:113: RuntimeWarning: invalid value encountered in divide
  f = msb / msw
/home/hodesse/miniconda3/envs/tpot2env/lib/python3.10/site-packages/sklearn/feature_selection/_univariate_selection.py:112: UserWarning: Features [22] are constant.
  warnings.warn("Features %s are constant." % constant_features_idx, UserWarning)
/home/hodesse/miniconda3/envs/tpot2env/lib/python3.10/site-packages/sklearn/feature_selection/_univariate_selection.py:113: RuntimeWarning: invalid value encountered in divide
  f = msb / msw
/home/hodesse/miniconda3/envs/tpot2env/lib/python3.10/site-packages/sklearn/preprocessing/_data.py:2785: UserWarning: n_quantiles (1406) is greater than the total number of samples (371). n_quantiles is set to n_samples.
  warnings.warn(
/home/hodesse/miniconda3/envs/tpot2env/lib/python3.10/site-packages/sklearn/feature_selection/_univariate_selection.py:112: UserWarning: Features [22] are constant.
  warnings.warn("Features %s are constant." % constant_features_idx, UserWarning)
/home/hodesse/miniconda3/envs/tpot2env/lib/python3.10/site-packages/sklearn/feature_selection/_univariate_selection.py:113: RuntimeWarning: invalid value encountered in divide
  f = msb / msw
/home/hodesse/miniconda3/envs/tpot2env/lib/python3.10/site-packages/sklearn/feature_selection/_univariate_selection.py:112: UserWarning: Features [22] are constant.
  warnings.warn("Features %s are constant." % constant_features_idx, UserWarning)
/home/hodesse/miniconda3/envs/tpot2env/lib/python3.10/site-packages/sklearn/feature_selection/_univariate_selection.py:113: RuntimeWarning: invalid value encountered in divide
  f = msb / msw
/home/hodesse/miniconda3/envs/tpot2env/lib/python3.10/site-packages/sklearn/preprocessing/_data.py:2785: UserWarning: n_quantiles (1406) is greater than the total number of samples (371). n_quantiles is set to n_samples.
  warnings.warn(
/home/hodesse/miniconda3/envs/tpot2env/lib/python3.10/site-packages/sklearn/preprocessing/_data.py:2785: UserWarning: n_quantiles (709) is greater than the total number of samples (371). n_quantiles is set to n_samples.
  warnings.warn(
/home/hodesse/miniconda3/envs/tpot2env/lib/python3.10/site-packages/sklearn/feature_selection/_univariate_selection.py:112: UserWarning: Features [22] are constant.
  warnings.warn("Features %s are constant." % constant_features_idx, UserWarning)
/home/hodesse/miniconda3/envs/tpot2env/lib/python3.10/site-packages/sklearn/feature_selection/_univariate_selection.py:113: RuntimeWarning: invalid value encountered in divide
  f = msb / msw
/home/hodesse/miniconda3/envs/tpot2env/lib/python3.10/site-packages/sklearn/feature_selection/_univariate_selection.py:112: UserWarning: Features [22] are constant.
  warnings.warn("Features %s are constant." % constant_features_idx, UserWarning)
/home/hodesse/miniconda3/envs/tpot2env/lib/python3.10/site-packages/sklearn/feature_selection/_univariate_selection.py:113: RuntimeWarning: invalid value encountered in divide
  f = msb / msw
/home/hodesse/miniconda3/envs/tpot2env/lib/python3.10/site-packages/sklearn/decomposition/_fastica.py:595: UserWarning: n_components is too large: it will be set to 57
  warnings.warn(
/home/hodesse/miniconda3/envs/tpot2env/lib/python3.10/site-packages/sklearn/decomposition/_fastica.py:128: ConvergenceWarning: FastICA did not converge. Consider increasing tolerance or the maximum number of iterations.
  warnings.warn(
/home/hodesse/miniconda3/envs/tpot2env/lib/python3.10/site-packages/sklearn/preprocessing/_data.py:2785: UserWarning: n_quantiles (709) is greater than the total number of samples (371). n_quantiles is set to n_samples.
  warnings.warn(
/home/hodesse/miniconda3/envs/tpot2env/lib/python3.10/site-packages/sklearn/preprocessing/_data.py:2785: UserWarning: n_quantiles (709) is greater than the total number of samples (371). n_quantiles is set to n_samples.
  warnings.warn(
/home/hodesse/miniconda3/envs/tpot2env/lib/python3.10/site-packages/sklearn/preprocessing/_data.py:2785: UserWarning: n_quantiles (1406) is greater than the total number of samples (371). n_quantiles is set to n_samples.
  warnings.warn(
/home/hodesse/miniconda3/envs/tpot2env/lib/python3.10/site-packages/sklearn/preprocessing/_data.py:2785: UserWarning: n_quantiles (709) is greater than the total number of samples (371). n_quantiles is set to n_samples.
  warnings.warn(
/home/hodesse/miniconda3/envs/tpot2env/lib/python3.10/site-packages/sklearn/decomposition/_fastica.py:595: UserWarning: n_components is too large: it will be set to 4
  warnings.warn(
/home/hodesse/miniconda3/envs/tpot2env/lib/python3.10/site-packages/sklearn/preprocessing/_data.py:2785: UserWarning: n_quantiles (1406) is greater than the total number of samples (371). n_quantiles is set to n_samples.
  warnings.warn(
/home/hodesse/miniconda3/envs/tpot2env/lib/python3.10/site-packages/sklearn/preprocessing/_data.py:2785: UserWarning: n_quantiles (1406) is greater than the total number of samples (371). n_quantiles is set to n_samples.
  warnings.warn(
/home/hodesse/miniconda3/envs/tpot2env/lib/python3.10/site-packages/sklearn/preprocessing/_data.py:2785: UserWarning: n_quantiles (709) is greater than the total number of samples (371). n_quantiles is set to n_samples.
  warnings.warn(
/home/hodesse/miniconda3/envs/tpot2env/lib/python3.10/site-packages/sklearn/decomposition/_fastica.py:595: UserWarning: n_components is too large: it will be set to 58
  warnings.warn(
/home/hodesse/miniconda3/envs/tpot2env/lib/python3.10/site-packages/sklearn/decomposition/_fastica.py:128: ConvergenceWarning: FastICA did not converge. Consider increasing tolerance or the maximum number of iterations.
  warnings.warn(
/home/hodesse/miniconda3/envs/tpot2env/lib/python3.10/site-packages/sklearn/preprocessing/_data.py:2785: UserWarning: n_quantiles (709) is greater than the total number of samples (370). n_quantiles is set to n_samples.
  warnings.warn(
/home/hodesse/miniconda3/envs/tpot2env/lib/python3.10/site-packages/sklearn/preprocessing/_data.py:2785: UserWarning: n_quantiles (709) is greater than the total number of samples (370). n_quantiles is set to n_samples.
  warnings.warn(
/home/hodesse/miniconda3/envs/tpot2env/lib/python3.10/site-packages/sklearn/preprocessing/_data.py:2785: UserWarning: n_quantiles (1406) is greater than the total number of samples (370). n_quantiles is set to n_samples.
  warnings.warn(
/home/hodesse/miniconda3/envs/tpot2env/lib/python3.10/site-packages/sklearn/preprocessing/_data.py:2785: UserWarning: n_quantiles (709) is greater than the total number of samples (370). n_quantiles is set to n_samples.
  warnings.warn(
/home/hodesse/miniconda3/envs/tpot2env/lib/python3.10/site-packages/sklearn/decomposition/_fastica.py:595: UserWarning: n_components is too large: it will be set to 1
  warnings.warn(
/home/hodesse/miniconda3/envs/tpot2env/lib/python3.10/site-packages/sklearn/preprocessing/_data.py:2785: UserWarning: n_quantiles (709) is greater than the total number of samples (370). n_quantiles is set to n_samples.
  warnings.warn(
/home/hodesse/miniconda3/envs/tpot2env/lib/python3.10/site-packages/sklearn/preprocessing/_data.py:2785: UserWarning: n_quantiles (709) is greater than the total number of samples (370). n_quantiles is set to n_samples.
  warnings.warn(
/home/hodesse/miniconda3/envs/tpot2env/lib/python3.10/site-packages/sklearn/preprocessing/_data.py:2785: UserWarning: n_quantiles (1406) is greater than the total number of samples (370). n_quantiles is set to n_samples.
  warnings.warn(
/home/hodesse/miniconda3/envs/tpot2env/lib/python3.10/site-packages/sklearn/preprocessing/_data.py:2785: UserWarning: n_quantiles (709) is greater than the total number of samples (370). n_quantiles is set to n_samples.
  warnings.warn(
/home/hodesse/miniconda3/envs/tpot2env/lib/python3.10/site-packages/sklearn/decomposition/_fastica.py:595: UserWarning: n_components is too large: it will be set to 1
  warnings.warn(
/home/hodesse/miniconda3/envs/tpot2env/lib/python3.10/site-packages/sklearn/preprocessing/_data.py:2785: UserWarning: n_quantiles (709) is greater than the total number of samples (370). n_quantiles is set to n_samples.
  warnings.warn(
/home/hodesse/miniconda3/envs/tpot2env/lib/python3.10/site-packages/sklearn/preprocessing/_data.py:2785: UserWarning: n_quantiles (709) is greater than the total number of samples (370). n_quantiles is set to n_samples.
  warnings.warn(
/home/hodesse/miniconda3/envs/tpot2env/lib/python3.10/site-packages/sklearn/preprocessing/_data.py:2785: UserWarning: n_quantiles (1406) is greater than the total number of samples (370). n_quantiles is set to n_samples.
  warnings.warn(
/home/hodesse/miniconda3/envs/tpot2env/lib/python3.10/site-packages/sklearn/preprocessing/_data.py:2785: UserWarning: n_quantiles (709) is greater than the total number of samples (370). n_quantiles is set to n_samples.
  warnings.warn(
/home/hodesse/miniconda3/envs/tpot2env/lib/python3.10/site-packages/sklearn/decomposition/_fastica.py:595: UserWarning: n_components is too large: it will be set to 1
  warnings.warn(
/home/hodesse/miniconda3/envs/tpot2env/lib/python3.10/site-packages/sklearn/preprocessing/_data.py:2785: UserWarning: n_quantiles (709) is greater than the total number of samples (371). n_quantiles is set to n_samples.
  warnings.warn(
/home/hodesse/miniconda3/envs/tpot2env/lib/python3.10/site-packages/sklearn/preprocessing/_data.py:2785: UserWarning: n_quantiles (709) is greater than the total number of samples (371). n_quantiles is set to n_samples.
  warnings.warn(
/home/hodesse/miniconda3/envs/tpot2env/lib/python3.10/site-packages/sklearn/preprocessing/_data.py:2785: UserWarning: n_quantiles (1406) is greater than the total number of samples (371). n_quantiles is set to n_samples.
  warnings.warn(
/home/hodesse/miniconda3/envs/tpot2env/lib/python3.10/site-packages/sklearn/preprocessing/_data.py:2785: UserWarning: n_quantiles (709) is greater than the total number of samples (371). n_quantiles is set to n_samples.
  warnings.warn(
/home/hodesse/miniconda3/envs/tpot2env/lib/python3.10/site-packages/sklearn/decomposition/_fastica.py:595: UserWarning: n_components is too large: it will be set to 1
  warnings.warn(
/home/hodesse/miniconda3/envs/tpot2env/lib/python3.10/site-packages/sklearn/preprocessing/_data.py:2785: UserWarning: n_quantiles (709) is greater than the total number of samples (371). n_quantiles is set to n_samples.
  warnings.warn(
/home/hodesse/miniconda3/envs/tpot2env/lib/python3.10/site-packages/sklearn/preprocessing/_data.py:2785: UserWarning: n_quantiles (709) is greater than the total number of samples (371). n_quantiles is set to n_samples.
  warnings.warn(
/home/hodesse/miniconda3/envs/tpot2env/lib/python3.10/site-packages/sklearn/preprocessing/_data.py:2785: UserWarning: n_quantiles (1406) is greater than the total number of samples (371). n_quantiles is set to n_samples.
  warnings.warn(
/home/hodesse/miniconda3/envs/tpot2env/lib/python3.10/site-packages/sklearn/preprocessing/_data.py:2785: UserWarning: n_quantiles (709) is greater than the total number of samples (371). n_quantiles is set to n_samples.
  warnings.warn(
/home/hodesse/miniconda3/envs/tpot2env/lib/python3.10/site-packages/sklearn/decomposition/_fastica.py:595: UserWarning: n_components is too large: it will be set to 1
  warnings.warn(
/home/hodesse/miniconda3/envs/tpot2env/lib/python3.10/site-packages/sklearn/preprocessing/_data.py:2785: UserWarning: n_quantiles (709) is greater than the total number of samples (370). n_quantiles is set to n_samples.
  warnings.warn(
/home/hodesse/miniconda3/envs/tpot2env/lib/python3.10/site-packages/sklearn/preprocessing/_data.py:2785: UserWarning: n_quantiles (709) is greater than the total number of samples (370). n_quantiles is set to n_samples.
  warnings.warn(
/home/hodesse/miniconda3/envs/tpot2env/lib/python3.10/site-packages/sklearn/preprocessing/_data.py:2785: UserWarning: n_quantiles (1406) is greater than the total number of samples (370). n_quantiles is set to n_samples.
  warnings.warn(
/home/hodesse/miniconda3/envs/tpot2env/lib/python3.10/site-packages/sklearn/preprocessing/_data.py:2785: UserWarning: n_quantiles (709) is greater than the total number of samples (370). n_quantiles is set to n_samples.
  warnings.warn(
/home/hodesse/miniconda3/envs/tpot2env/lib/python3.10/site-packages/sklearn/decomposition/_fastica.py:595: UserWarning: n_components is too large: it will be set to 4
  warnings.warn(
/home/hodesse/miniconda3/envs/tpot2env/lib/python3.10/site-packages/sklearn/preprocessing/_data.py:2785: UserWarning: n_quantiles (1406) is greater than the total number of samples (370). n_quantiles is set to n_samples.
  warnings.warn(
/home/hodesse/miniconda3/envs/tpot2env/lib/python3.10/site-packages/sklearn/preprocessing/_data.py:2785: UserWarning: n_quantiles (1406) is greater than the total number of samples (370). n_quantiles is set to n_samples.
  warnings.warn(
/home/hodesse/miniconda3/envs/tpot2env/lib/python3.10/site-packages/sklearn/preprocessing/_data.py:2785: UserWarning: n_quantiles (709) is greater than the total number of samples (370). n_quantiles is set to n_samples.
  warnings.warn(
/home/hodesse/miniconda3/envs/tpot2env/lib/python3.10/site-packages/sklearn/decomposition/_fastica.py:595: UserWarning: n_components is too large: it will be set to 55
  warnings.warn(
/home/hodesse/miniconda3/envs/tpot2env/lib/python3.10/site-packages/sklearn/decomposition/_fastica.py:128: ConvergenceWarning: FastICA did not converge. Consider increasing tolerance or the maximum number of iterations.
  warnings.warn(
/home/hodesse/miniconda3/envs/tpot2env/lib/python3.10/site-packages/sklearn/preprocessing/_data.py:2785: UserWarning: n_quantiles (709) is greater than the total number of samples (370). n_quantiles is set to n_samples.
  warnings.warn(
/home/hodesse/miniconda3/envs/tpot2env/lib/python3.10/site-packages/sklearn/preprocessing/_data.py:2785: UserWarning: n_quantiles (709) is greater than the total number of samples (370). n_quantiles is set to n_samples.
  warnings.warn(
/home/hodesse/miniconda3/envs/tpot2env/lib/python3.10/site-packages/sklearn/preprocessing/_data.py:2785: UserWarning: n_quantiles (1406) is greater than the total number of samples (370). n_quantiles is set to n_samples.
  warnings.warn(
/home/hodesse/miniconda3/envs/tpot2env/lib/python3.10/site-packages/sklearn/preprocessing/_data.py:2785: UserWarning: n_quantiles (709) is greater than the total number of samples (370). n_quantiles is set to n_samples.
  warnings.warn(
/home/hodesse/miniconda3/envs/tpot2env/lib/python3.10/site-packages/sklearn/decomposition/_fastica.py:595: UserWarning: n_components is too large: it will be set to 4
  warnings.warn(
/home/hodesse/miniconda3/envs/tpot2env/lib/python3.10/site-packages/sklearn/preprocessing/_data.py:2785: UserWarning: n_quantiles (1406) is greater than the total number of samples (370). n_quantiles is set to n_samples.
  warnings.warn(
/home/hodesse/miniconda3/envs/tpot2env/lib/python3.10/site-packages/sklearn/preprocessing/_data.py:2785: UserWarning: n_quantiles (1406) is greater than the total number of samples (370). n_quantiles is set to n_samples.
  warnings.warn(
/home/hodesse/miniconda3/envs/tpot2env/lib/python3.10/site-packages/sklearn/preprocessing/_data.py:2785: UserWarning: n_quantiles (709) is greater than the total number of samples (370). n_quantiles is set to n_samples.
  warnings.warn(
/home/hodesse/miniconda3/envs/tpot2env/lib/python3.10/site-packages/sklearn/decomposition/_fastica.py:595: UserWarning: n_components is too large: it will be set to 56
  warnings.warn(
/home/hodesse/miniconda3/envs/tpot2env/lib/python3.10/site-packages/sklearn/decomposition/_fastica.py:128: ConvergenceWarning: FastICA did not converge. Consider increasing tolerance or the maximum number of iterations.
  warnings.warn(
/home/hodesse/miniconda3/envs/tpot2env/lib/python3.10/site-packages/sklearn/preprocessing/_data.py:2785: UserWarning: n_quantiles (709) is greater than the total number of samples (370). n_quantiles is set to n_samples.
  warnings.warn(
/home/hodesse/miniconda3/envs/tpot2env/lib/python3.10/site-packages/sklearn/preprocessing/_data.py:2785: UserWarning: n_quantiles (709) is greater than the total number of samples (370). n_quantiles is set to n_samples.
  warnings.warn(
/home/hodesse/miniconda3/envs/tpot2env/lib/python3.10/site-packages/sklearn/preprocessing/_data.py:2785: UserWarning: n_quantiles (1406) is greater than the total number of samples (370). n_quantiles is set to n_samples.
  warnings.warn(
/home/hodesse/miniconda3/envs/tpot2env/lib/python3.10/site-packages/sklearn/preprocessing/_data.py:2785: UserWarning: n_quantiles (709) is greater than the total number of samples (370). n_quantiles is set to n_samples.
  warnings.warn(
/home/hodesse/miniconda3/envs/tpot2env/lib/python3.10/site-packages/sklearn/decomposition/_fastica.py:595: UserWarning: n_components is too large: it will be set to 4
  warnings.warn(
/home/hodesse/miniconda3/envs/tpot2env/lib/python3.10/site-packages/sklearn/preprocessing/_data.py:2785: UserWarning: n_quantiles (1406) is greater than the total number of samples (370). n_quantiles is set to n_samples.
  warnings.warn(
/home/hodesse/miniconda3/envs/tpot2env/lib/python3.10/site-packages/sklearn/preprocessing/_data.py:2785: UserWarning: n_quantiles (1406) is greater than the total number of samples (370). n_quantiles is set to n_samples.
  warnings.warn(
/home/hodesse/miniconda3/envs/tpot2env/lib/python3.10/site-packages/sklearn/preprocessing/_data.py:2785: UserWarning: n_quantiles (709) is greater than the total number of samples (370). n_quantiles is set to n_samples.
  warnings.warn(
/home/hodesse/miniconda3/envs/tpot2env/lib/python3.10/site-packages/sklearn/decomposition/_fastica.py:595: UserWarning: n_components is too large: it will be set to 56
  warnings.warn(
/home/hodesse/miniconda3/envs/tpot2env/lib/python3.10/site-packages/sklearn/decomposition/_fastica.py:128: ConvergenceWarning: FastICA did not converge. Consider increasing tolerance or the maximum number of iterations.
  warnings.warn(
/home/hodesse/miniconda3/envs/tpot2env/lib/python3.10/site-packages/sklearn/feature_selection/_univariate_selection.py:112: UserWarning: Features [22] are constant.
  warnings.warn("Features %s are constant." % constant_features_idx, UserWarning)
/home/hodesse/miniconda3/envs/tpot2env/lib/python3.10/site-packages/sklearn/feature_selection/_univariate_selection.py:113: RuntimeWarning: invalid value encountered in divide
  f = msb / msw
/home/hodesse/miniconda3/envs/tpot2env/lib/python3.10/site-packages/sklearn/preprocessing/_data.py:2785: UserWarning: n_quantiles (709) is greater than the total number of samples (371). n_quantiles is set to n_samples.
  warnings.warn(
/home/hodesse/miniconda3/envs/tpot2env/lib/python3.10/site-packages/sklearn/feature_selection/_univariate_selection.py:112: UserWarning: Features [22] are constant.
  warnings.warn("Features %s are constant." % constant_features_idx, UserWarning)
/home/hodesse/miniconda3/envs/tpot2env/lib/python3.10/site-packages/sklearn/feature_selection/_univariate_selection.py:113: RuntimeWarning: invalid value encountered in divide
  f = msb / msw
/home/hodesse/miniconda3/envs/tpot2env/lib/python3.10/site-packages/sklearn/feature_selection/_univariate_selection.py:112: UserWarning: Features [22] are constant.
  warnings.warn("Features %s are constant." % constant_features_idx, UserWarning)
/home/hodesse/miniconda3/envs/tpot2env/lib/python3.10/site-packages/sklearn/feature_selection/_univariate_selection.py:113: RuntimeWarning: invalid value encountered in divide
  f = msb / msw
/home/hodesse/miniconda3/envs/tpot2env/lib/python3.10/site-packages/sklearn/feature_selection/_univariate_selection.py:112: UserWarning: Features [22] are constant.
  warnings.warn("Features %s are constant." % constant_features_idx, UserWarning)
/home/hodesse/miniconda3/envs/tpot2env/lib/python3.10/site-packages/sklearn/feature_selection/_univariate_selection.py:113: RuntimeWarning: invalid value encountered in divide
  f = msb / msw
/home/hodesse/miniconda3/envs/tpot2env/lib/python3.10/site-packages/sklearn/preprocessing/_data.py:2785: UserWarning: n_quantiles (709) is greater than the total number of samples (371). n_quantiles is set to n_samples.
  warnings.warn(
/home/hodesse/miniconda3/envs/tpot2env/lib/python3.10/site-packages/sklearn/feature_selection/_univariate_selection.py:112: UserWarning: Features [22] are constant.
  warnings.warn("Features %s are constant." % constant_features_idx, UserWarning)
/home/hodesse/miniconda3/envs/tpot2env/lib/python3.10/site-packages/sklearn/feature_selection/_univariate_selection.py:113: RuntimeWarning: invalid value encountered in divide
  f = msb / msw
/home/hodesse/miniconda3/envs/tpot2env/lib/python3.10/site-packages/sklearn/feature_selection/_univariate_selection.py:112: UserWarning: Features [22] are constant.
  warnings.warn("Features %s are constant." % constant_features_idx, UserWarning)
/home/hodesse/miniconda3/envs/tpot2env/lib/python3.10/site-packages/sklearn/feature_selection/_univariate_selection.py:113: RuntimeWarning: invalid value encountered in divide
  f = msb / msw
/home/hodesse/miniconda3/envs/tpot2env/lib/python3.10/site-packages/sklearn/feature_selection/_univariate_selection.py:112: UserWarning: Features [22] are constant.
  warnings.warn("Features %s are constant." % constant_features_idx, UserWarning)
/home/hodesse/miniconda3/envs/tpot2env/lib/python3.10/site-packages/sklearn/feature_selection/_univariate_selection.py:113: RuntimeWarning: invalid value encountered in divide
  f = msb / msw
/home/hodesse/miniconda3/envs/tpot2env/lib/python3.10/site-packages/sklearn/feature_selection/_univariate_selection.py:112: UserWarning: Features [22] are constant.
  warnings.warn("Features %s are constant." % constant_features_idx, UserWarning)
/home/hodesse/miniconda3/envs/tpot2env/lib/python3.10/site-packages/sklearn/feature_selection/_univariate_selection.py:113: RuntimeWarning: invalid value encountered in divide
  f = msb / msw
/home/hodesse/miniconda3/envs/tpot2env/lib/python3.10/site-packages/sklearn/preprocessing/_data.py:2785: UserWarning: n_quantiles (1406) is greater than the total number of samples (371). n_quantiles is set to n_samples.
  warnings.warn(
/home/hodesse/miniconda3/envs/tpot2env/lib/python3.10/site-packages/sklearn/feature_selection/_univariate_selection.py:112: UserWarning: Features [22] are constant.
  warnings.warn("Features %s are constant." % constant_features_idx, UserWarning)
/home/hodesse/miniconda3/envs/tpot2env/lib/python3.10/site-packages/sklearn/feature_selection/_univariate_selection.py:113: RuntimeWarning: invalid value encountered in divide
  f = msb / msw
/home/hodesse/miniconda3/envs/tpot2env/lib/python3.10/site-packages/sklearn/feature_selection/_univariate_selection.py:112: UserWarning: Features [22] are constant.
  warnings.warn("Features %s are constant." % constant_features_idx, UserWarning)
/home/hodesse/miniconda3/envs/tpot2env/lib/python3.10/site-packages/sklearn/feature_selection/_univariate_selection.py:113: RuntimeWarning: invalid value encountered in divide
  f = msb / msw
/home/hodesse/miniconda3/envs/tpot2env/lib/python3.10/site-packages/sklearn/preprocessing/_data.py:2785: UserWarning: n_quantiles (709) is greater than the total number of samples (371). n_quantiles is set to n_samples.
  warnings.warn(
/home/hodesse/miniconda3/envs/tpot2env/lib/python3.10/site-packages/sklearn/feature_selection/_univariate_selection.py:112: UserWarning: Features [22] are constant.
  warnings.warn("Features %s are constant." % constant_features_idx, UserWarning)
/home/hodesse/miniconda3/envs/tpot2env/lib/python3.10/site-packages/sklearn/feature_selection/_univariate_selection.py:113: RuntimeWarning: invalid value encountered in divide
  f = msb / msw
/home/hodesse/miniconda3/envs/tpot2env/lib/python3.10/site-packages/sklearn/decomposition/_fastica.py:595: UserWarning: n_components is too large: it will be set to 4
  warnings.warn(
/home/hodesse/miniconda3/envs/tpot2env/lib/python3.10/site-packages/sklearn/feature_selection/_univariate_selection.py:112: UserWarning: Features [22] are constant.
  warnings.warn("Features %s are constant." % constant_features_idx, UserWarning)
/home/hodesse/miniconda3/envs/tpot2env/lib/python3.10/site-packages/sklearn/feature_selection/_univariate_selection.py:113: RuntimeWarning: invalid value encountered in divide
  f = msb / msw
/home/hodesse/miniconda3/envs/tpot2env/lib/python3.10/site-packages/sklearn/feature_selection/_univariate_selection.py:112: UserWarning: Features [22] are constant.
  warnings.warn("Features %s are constant." % constant_features_idx, UserWarning)
/home/hodesse/miniconda3/envs/tpot2env/lib/python3.10/site-packages/sklearn/feature_selection/_univariate_selection.py:113: RuntimeWarning: invalid value encountered in divide
  f = msb / msw
/home/hodesse/miniconda3/envs/tpot2env/lib/python3.10/site-packages/sklearn/feature_selection/_univariate_selection.py:112: UserWarning: Features [22] are constant.
  warnings.warn("Features %s are constant." % constant_features_idx, UserWarning)
/home/hodesse/miniconda3/envs/tpot2env/lib/python3.10/site-packages/sklearn/feature_selection/_univariate_selection.py:113: RuntimeWarning: invalid value encountered in divide
  f = msb / msw
/home/hodesse/miniconda3/envs/tpot2env/lib/python3.10/site-packages/sklearn/feature_selection/_univariate_selection.py:112: UserWarning: Features [22] are constant.
  warnings.warn("Features %s are constant." % constant_features_idx, UserWarning)
/home/hodesse/miniconda3/envs/tpot2env/lib/python3.10/site-packages/sklearn/feature_selection/_univariate_selection.py:113: RuntimeWarning: invalid value encountered in divide
  f = msb / msw
/home/hodesse/miniconda3/envs/tpot2env/lib/python3.10/site-packages/sklearn/preprocessing/_data.py:2785: UserWarning: n_quantiles (1406) is greater than the total number of samples (371). n_quantiles is set to n_samples.
  warnings.warn(
/home/hodesse/miniconda3/envs/tpot2env/lib/python3.10/site-packages/sklearn/feature_selection/_univariate_selection.py:112: UserWarning: Features [22] are constant.
  warnings.warn("Features %s are constant." % constant_features_idx, UserWarning)
/home/hodesse/miniconda3/envs/tpot2env/lib/python3.10/site-packages/sklearn/feature_selection/_univariate_selection.py:113: RuntimeWarning: invalid value encountered in divide
  f = msb / msw
/home/hodesse/miniconda3/envs/tpot2env/lib/python3.10/site-packages/sklearn/feature_selection/_univariate_selection.py:112: UserWarning: Features [22] are constant.
  warnings.warn("Features %s are constant." % constant_features_idx, UserWarning)
/home/hodesse/miniconda3/envs/tpot2env/lib/python3.10/site-packages/sklearn/feature_selection/_univariate_selection.py:113: RuntimeWarning: invalid value encountered in divide
  f = msb / msw
/home/hodesse/miniconda3/envs/tpot2env/lib/python3.10/site-packages/sklearn/preprocessing/_data.py:2785: UserWarning: n_quantiles (1406) is greater than the total number of samples (371). n_quantiles is set to n_samples.
  warnings.warn(
/home/hodesse/miniconda3/envs/tpot2env/lib/python3.10/site-packages/sklearn/preprocessing/_data.py:2785: UserWarning: n_quantiles (709) is greater than the total number of samples (371). n_quantiles is set to n_samples.
  warnings.warn(
/home/hodesse/miniconda3/envs/tpot2env/lib/python3.10/site-packages/sklearn/feature_selection/_univariate_selection.py:112: UserWarning: Features [22] are constant.
  warnings.warn("Features %s are constant." % constant_features_idx, UserWarning)
/home/hodesse/miniconda3/envs/tpot2env/lib/python3.10/site-packages/sklearn/feature_selection/_univariate_selection.py:113: RuntimeWarning: invalid value encountered in divide
  f = msb / msw
/home/hodesse/miniconda3/envs/tpot2env/lib/python3.10/site-packages/sklearn/feature_selection/_univariate_selection.py:112: UserWarning: Features [22] are constant.
  warnings.warn("Features %s are constant." % constant_features_idx, UserWarning)
/home/hodesse/miniconda3/envs/tpot2env/lib/python3.10/site-packages/sklearn/feature_selection/_univariate_selection.py:113: RuntimeWarning: invalid value encountered in divide
  f = msb / msw
/home/hodesse/miniconda3/envs/tpot2env/lib/python3.10/site-packages/sklearn/decomposition/_fastica.py:595: UserWarning: n_components is too large: it will be set to 57
  warnings.warn(
/home/hodesse/miniconda3/envs/tpot2env/lib/python3.10/site-packages/sklearn/decomposition/_fastica.py:128: ConvergenceWarning: FastICA did not converge. Consider increasing tolerance or the maximum number of iterations.
  warnings.warn(
/home/hodesse/miniconda3/envs/tpot2env/lib/python3.10/site-packages/sklearn/preprocessing/_data.py:2785: UserWarning: n_quantiles (709) is greater than the total number of samples (371). n_quantiles is set to n_samples.
  warnings.warn(
/home/hodesse/miniconda3/envs/tpot2env/lib/python3.10/site-packages/sklearn/preprocessing/_data.py:2785: UserWarning: n_quantiles (709) is greater than the total number of samples (371). n_quantiles is set to n_samples.
  warnings.warn(
/home/hodesse/miniconda3/envs/tpot2env/lib/python3.10/site-packages/sklearn/preprocessing/_data.py:2785: UserWarning: n_quantiles (1406) is greater than the total number of samples (371). n_quantiles is set to n_samples.
  warnings.warn(
/home/hodesse/miniconda3/envs/tpot2env/lib/python3.10/site-packages/sklearn/preprocessing/_data.py:2785: UserWarning: n_quantiles (709) is greater than the total number of samples (371). n_quantiles is set to n_samples.
  warnings.warn(
/home/hodesse/miniconda3/envs/tpot2env/lib/python3.10/site-packages/sklearn/decomposition/_fastica.py:595: UserWarning: n_components is too large: it will be set to 4
  warnings.warn(
/home/hodesse/miniconda3/envs/tpot2env/lib/python3.10/site-packages/sklearn/preprocessing/_data.py:2785: UserWarning: n_quantiles (1406) is greater than the total number of samples (371). n_quantiles is set to n_samples.
  warnings.warn(
/home/hodesse/miniconda3/envs/tpot2env/lib/python3.10/site-packages/sklearn/preprocessing/_data.py:2785: UserWarning: n_quantiles (1406) is greater than the total number of samples (371). n_quantiles is set to n_samples.
  warnings.warn(
/home/hodesse/miniconda3/envs/tpot2env/lib/python3.10/site-packages/sklearn/preprocessing/_data.py:2785: UserWarning: n_quantiles (709) is greater than the total number of samples (371). n_quantiles is set to n_samples.
  warnings.warn(
/home/hodesse/miniconda3/envs/tpot2env/lib/python3.10/site-packages/sklearn/decomposition/_fastica.py:595: UserWarning: n_components is too large: it will be set to 58
  warnings.warn(
/home/hodesse/miniconda3/envs/tpot2env/lib/python3.10/site-packages/sklearn/decomposition/_fastica.py:128: ConvergenceWarning: FastICA did not converge. Consider increasing tolerance or the maximum number of iterations.
  warnings.warn(
/home/hodesse/miniconda3/envs/tpot2env/lib/python3.10/site-packages/sklearn/preprocessing/_data.py:2785: UserWarning: n_quantiles (709) is greater than the total number of samples (370). n_quantiles is set to n_samples.
  warnings.warn(
/home/hodesse/miniconda3/envs/tpot2env/lib/python3.10/site-packages/sklearn/preprocessing/_data.py:2785: UserWarning: n_quantiles (709) is greater than the total number of samples (370). n_quantiles is set to n_samples.
  warnings.warn(
/home/hodesse/miniconda3/envs/tpot2env/lib/python3.10/site-packages/sklearn/preprocessing/_data.py:2785: UserWarning: n_quantiles (1406) is greater than the total number of samples (370). n_quantiles is set to n_samples.
  warnings.warn(
/home/hodesse/miniconda3/envs/tpot2env/lib/python3.10/site-packages/sklearn/preprocessing/_data.py:2785: UserWarning: n_quantiles (709) is greater than the total number of samples (370). n_quantiles is set to n_samples.
  warnings.warn(
/home/hodesse/miniconda3/envs/tpot2env/lib/python3.10/site-packages/sklearn/decomposition/_fastica.py:595: UserWarning: n_components is too large: it will be set to 1
  warnings.warn(
/home/hodesse/miniconda3/envs/tpot2env/lib/python3.10/site-packages/sklearn/preprocessing/_data.py:2785: UserWarning: n_quantiles (709) is greater than the total number of samples (370). n_quantiles is set to n_samples.
  warnings.warn(
/home/hodesse/miniconda3/envs/tpot2env/lib/python3.10/site-packages/sklearn/preprocessing/_data.py:2785: UserWarning: n_quantiles (709) is greater than the total number of samples (370). n_quantiles is set to n_samples.
  warnings.warn(
/home/hodesse/miniconda3/envs/tpot2env/lib/python3.10/site-packages/sklearn/preprocessing/_data.py:2785: UserWarning: n_quantiles (1406) is greater than the total number of samples (370). n_quantiles is set to n_samples.
  warnings.warn(
/home/hodesse/miniconda3/envs/tpot2env/lib/python3.10/site-packages/sklearn/preprocessing/_data.py:2785: UserWarning: n_quantiles (709) is greater than the total number of samples (370). n_quantiles is set to n_samples.
  warnings.warn(
/home/hodesse/miniconda3/envs/tpot2env/lib/python3.10/site-packages/sklearn/decomposition/_fastica.py:595: UserWarning: n_components is too large: it will be set to 1
  warnings.warn(
/home/hodesse/miniconda3/envs/tpot2env/lib/python3.10/site-packages/sklearn/preprocessing/_data.py:2785: UserWarning: n_quantiles (709) is greater than the total number of samples (370). n_quantiles is set to n_samples.
  warnings.warn(
/home/hodesse/miniconda3/envs/tpot2env/lib/python3.10/site-packages/sklearn/preprocessing/_data.py:2785: UserWarning: n_quantiles (709) is greater than the total number of samples (370). n_quantiles is set to n_samples.
  warnings.warn(
/home/hodesse/miniconda3/envs/tpot2env/lib/python3.10/site-packages/sklearn/preprocessing/_data.py:2785: UserWarning: n_quantiles (1406) is greater than the total number of samples (370). n_quantiles is set to n_samples.
  warnings.warn(
/home/hodesse/miniconda3/envs/tpot2env/lib/python3.10/site-packages/sklearn/preprocessing/_data.py:2785: UserWarning: n_quantiles (709) is greater than the total number of samples (370). n_quantiles is set to n_samples.
  warnings.warn(
/home/hodesse/miniconda3/envs/tpot2env/lib/python3.10/site-packages/sklearn/decomposition/_fastica.py:595: UserWarning: n_components is too large: it will be set to 1
  warnings.warn(
/home/hodesse/miniconda3/envs/tpot2env/lib/python3.10/site-packages/sklearn/preprocessing/_data.py:2785: UserWarning: n_quantiles (709) is greater than the total number of samples (371). n_quantiles is set to n_samples.
  warnings.warn(
/home/hodesse/miniconda3/envs/tpot2env/lib/python3.10/site-packages/sklearn/preprocessing/_data.py:2785: UserWarning: n_quantiles (709) is greater than the total number of samples (371). n_quantiles is set to n_samples.
  warnings.warn(
/home/hodesse/miniconda3/envs/tpot2env/lib/python3.10/site-packages/sklearn/preprocessing/_data.py:2785: UserWarning: n_quantiles (1406) is greater than the total number of samples (371). n_quantiles is set to n_samples.
  warnings.warn(
/home/hodesse/miniconda3/envs/tpot2env/lib/python3.10/site-packages/sklearn/preprocessing/_data.py:2785: UserWarning: n_quantiles (709) is greater than the total number of samples (371). n_quantiles is set to n_samples.
  warnings.warn(
/home/hodesse/miniconda3/envs/tpot2env/lib/python3.10/site-packages/sklearn/decomposition/_fastica.py:595: UserWarning: n_components is too large: it will be set to 1
  warnings.warn(
/home/hodesse/miniconda3/envs/tpot2env/lib/python3.10/site-packages/sklearn/preprocessing/_data.py:2785: UserWarning: n_quantiles (709) is greater than the total number of samples (371). n_quantiles is set to n_samples.
  warnings.warn(
/home/hodesse/miniconda3/envs/tpot2env/lib/python3.10/site-packages/sklearn/preprocessing/_data.py:2785: UserWarning: n_quantiles (709) is greater than the total number of samples (371). n_quantiles is set to n_samples.
  warnings.warn(
/home/hodesse/miniconda3/envs/tpot2env/lib/python3.10/site-packages/sklearn/preprocessing/_data.py:2785: UserWarning: n_quantiles (1406) is greater than the total number of samples (371). n_quantiles is set to n_samples.
  warnings.warn(
/home/hodesse/miniconda3/envs/tpot2env/lib/python3.10/site-packages/sklearn/preprocessing/_data.py:2785: UserWarning: n_quantiles (709) is greater than the total number of samples (371). n_quantiles is set to n_samples.
  warnings.warn(
/home/hodesse/miniconda3/envs/tpot2env/lib/python3.10/site-packages/sklearn/decomposition/_fastica.py:595: UserWarning: n_components is too large: it will be set to 1
  warnings.warn(
/home/hodesse/miniconda3/envs/tpot2env/lib/python3.10/site-packages/sklearn/model_selection/_validation.py:540: FitFailedWarning: 
10 fits failed out of a total of 20.
The score on these train-test partitions for these parameters will be set to nan.
If these failures are not expected, you can try to debug them by setting error_score='raise'.

Below are more details about the failures:
--------------------------------------------------------------------------------
10 fits failed with the following error:
Traceback (most recent call last):
  File "/home/hodesse/miniconda3/envs/tpot2env/lib/python3.10/site-packages/sklearn/model_selection/_validation.py", line 888, in _fit_and_score
    estimator.fit(X_train, y_train, **fit_params)
  File "/home/hodesse/miniconda3/envs/tpot2env/lib/python3.10/site-packages/sklearn/ensemble/_stacking.py", line 672, in fit
    return super().fit(X, y_encoded, sample_weight)
  File "/home/hodesse/miniconda3/envs/tpot2env/lib/python3.10/site-packages/sklearn/base.py", line 1473, in wrapper
    return fit_method(estimator, *args, **kwargs)
  File "/home/hodesse/miniconda3/envs/tpot2env/lib/python3.10/site-packages/sklearn/ensemble/_stacking.py", line 288, in fit
    _fit_single_estimator(self.final_estimator_, X_meta, y, fit_params=fit_params)
  File "/home/hodesse/miniconda3/envs/tpot2env/lib/python3.10/site-packages/sklearn/ensemble/_base.py", line 40, in _fit_single_estimator
    estimator.fit(X, y, **fit_params)
  File "/home/hodesse/miniconda3/envs/tpot2env/lib/python3.10/site-packages/sklearn/base.py", line 1473, in wrapper
    return fit_method(estimator, *args, **kwargs)
  File "/home/hodesse/miniconda3/envs/tpot2env/lib/python3.10/site-packages/sklearn/utils/validation.py", line 66, in inner_f
    return f(*args, **kwargs)
  File "/home/hodesse/miniconda3/envs/tpot2env/lib/python3.10/site-packages/sklearn/ensemble/_voting.py", line 423, in fit
    return super().fit(X, transformed_y, **fit_params)
  File "/home/hodesse/miniconda3/envs/tpot2env/lib/python3.10/site-packages/sklearn/ensemble/_voting.py", line 104, in fit
    self.estimators_ = Parallel(n_jobs=self.n_jobs)(
  File "/home/hodesse/miniconda3/envs/tpot2env/lib/python3.10/site-packages/sklearn/utils/parallel.py", line 74, in __call__
    return super().__call__(iterable_with_config)
  File "/home/hodesse/miniconda3/envs/tpot2env/lib/python3.10/site-packages/joblib/parallel.py", line 1918, in __call__
    return output if self.return_generator else list(output)
  File "/home/hodesse/miniconda3/envs/tpot2env/lib/python3.10/site-packages/joblib/parallel.py", line 1847, in _get_sequential_output
    res = func(*args, **kwargs)
  File "/home/hodesse/miniconda3/envs/tpot2env/lib/python3.10/site-packages/sklearn/utils/parallel.py", line 136, in __call__
    return self.function(*args, **kwargs)
  File "/home/hodesse/miniconda3/envs/tpot2env/lib/python3.10/site-packages/sklearn/ensemble/_base.py", line 40, in _fit_single_estimator
    estimator.fit(X, y, **fit_params)
  File "/home/hodesse/miniconda3/envs/tpot2env/lib/python3.10/site-packages/tpot2/graphsklearn.py", line 311, in fit
    fit_sklearn_digraph(   graph=self.graph,
  File "/home/hodesse/miniconda3/envs/tpot2env/lib/python3.10/site-packages/tpot2/graphsklearn.py", line 136, in fit_sklearn_digraph
    transformed, instance = fit_transform_one_cached(instance, this_X, y)#instance.fit_transform(this_X,y)
  File "/home/hodesse/miniconda3/envs/tpot2env/lib/python3.10/site-packages/joblib/memory.py", line 312, in __call__
    return self.func(*args, **kwargs)
  File "/home/hodesse/miniconda3/envs/tpot2env/lib/python3.10/site-packages/tpot2/graphsklearn.py", line 90, in _fit_transform_one
    res = model.fit_transform(X, y, **fit_params)
  File "/home/hodesse/miniconda3/envs/tpot2env/lib/python3.10/site-packages/sklearn/utils/_set_output.py", line 313, in wrapped
    data_to_wrap = f(self, X, *args, **kwargs)
  File "/home/hodesse/miniconda3/envs/tpot2env/lib/python3.10/site-packages/sklearn/base.py", line 1101, in fit_transform
    return self.fit(X, y, **fit_params).transform(X)
  File "/home/hodesse/miniconda3/envs/tpot2env/lib/python3.10/site-packages/sklearn/base.py", line 1473, in wrapper
    return fit_method(estimator, *args, **kwargs)
  File "/home/hodesse/miniconda3/envs/tpot2env/lib/python3.10/site-packages/sklearn/feature_selection/_variance_threshold.py", line 126, in fit
    raise ValueError(msg.format(self.threshold))
ValueError: No feature in X meets the variance threshold 0.18930

  warnings.warn(some_fits_failed_message, FitFailedWarning)
/home/hodesse/miniconda3/envs/tpot2env/lib/python3.10/site-packages/sklearn/model_selection/_search.py:1102: UserWarning: One or more of the test scores are non-finite: [0.89413277        nan 0.88980832        nan]
  warnings.warn(
/home/hodesse/miniconda3/envs/tpot2env/lib/python3.10/site-packages/sklearn/preprocessing/_data.py:2785: UserWarning: n_quantiles (709) is greater than the total number of samples (463). n_quantiles is set to n_samples.
  warnings.warn(
/home/hodesse/miniconda3/envs/tpot2env/lib/python3.10/site-packages/sklearn/preprocessing/_data.py:2785: UserWarning: n_quantiles (709) is greater than the total number of samples (463). n_quantiles is set to n_samples.
  warnings.warn(
/home/hodesse/miniconda3/envs/tpot2env/lib/python3.10/site-packages/sklearn/preprocessing/_data.py:2785: UserWarning: n_quantiles (1406) is greater than the total number of samples (463). n_quantiles is set to n_samples.
  warnings.warn(
/home/hodesse/miniconda3/envs/tpot2env/lib/python3.10/site-packages/sklearn/preprocessing/_data.py:2785: UserWarning: n_quantiles (709) is greater than the total number of samples (463). n_quantiles is set to n_samples.
  warnings.warn(
/home/hodesse/miniconda3/envs/tpot2env/lib/python3.10/site-packages/sklearn/decomposition/_fastica.py:595: UserWarning: n_components is too large: it will be set to 4
  warnings.warn(
/home/hodesse/miniconda3/envs/tpot2env/lib/python3.10/site-packages/sklearn/preprocessing/_data.py:2785: UserWarning: n_quantiles (1406) is greater than the total number of samples (463). n_quantiles is set to n_samples.
  warnings.warn(
/home/hodesse/miniconda3/envs/tpot2env/lib/python3.10/site-packages/sklearn/preprocessing/_data.py:2785: UserWarning: n_quantiles (1406) is greater than the total number of samples (463). n_quantiles is set to n_samples.
  warnings.warn(
/home/hodesse/miniconda3/envs/tpot2env/lib/python3.10/site-packages/sklearn/preprocessing/_data.py:2785: UserWarning: n_quantiles (709) is greater than the total number of samples (463). n_quantiles is set to n_samples.
  warnings.warn(
/home/hodesse/miniconda3/envs/tpot2env/lib/python3.10/site-packages/sklearn/decomposition/_fastica.py:595: UserWarning: n_components is too large: it will be set to 59
  warnings.warn(
/home/hodesse/miniconda3/envs/tpot2env/lib/python3.10/site-packages/sklearn/decomposition/_fastica.py:128: ConvergenceWarning: FastICA did not converge. Consider increasing tolerance or the maximum number of iterations.
  warnings.warn(
data/167184_True.pkl
data/167104_True.pkl
  0%|          | 0/5 [00:00<?, ?it/s]Generation:   0%|          | 0/5 [00:00<?, ?it/s]Generation:  20%|██        | 1/5 [00:05<00:20,  5.22s/it]Generation:  40%|████      | 2/5 [00:07<00:10,  3.61s/it]Generation:  60%|██████    | 3/5 [00:14<00:09,  4.84s/it]Generation:  80%|████████  | 4/5 [00:16<00:04,  4.05s/it]Generation: 100%|██████████| 5/5 [00:19<00:00,  3.65s/it]Generation: 100%|██████████| 5/5 [00:19<00:00,  3.96s/it]
/home/hodesse/miniconda3/envs/tpot2env/lib/python3.10/site-packages/sklearn/preprocessing/_data.py:2785: UserWarning: n_quantiles (766) is greater than the total number of samples (463). n_quantiles is set to n_samples.
  warnings.warn(
/home/hodesse/miniconda3/envs/tpot2env/lib/python3.10/site-packages/sklearn/decomposition/_fastica.py:595: UserWarning: n_components is too large: it will be set to 39
  warnings.warn(
/home/hodesse/miniconda3/envs/tpot2env/lib/python3.10/site-packages/sklearn/preprocessing/_data.py:2785: UserWarning: n_quantiles (766) is greater than the total number of samples (370). n_quantiles is set to n_samples.
  warnings.warn(
/home/hodesse/miniconda3/envs/tpot2env/lib/python3.10/site-packages/sklearn/decomposition/_fastica.py:595: UserWarning: n_components is too large: it will be set to 44
  warnings.warn(
/home/hodesse/miniconda3/envs/tpot2env/lib/python3.10/site-packages/sklearn/preprocessing/_data.py:2785: UserWarning: n_quantiles (766) is greater than the total number of samples (370). n_quantiles is set to n_samples.
  warnings.warn(
/home/hodesse/miniconda3/envs/tpot2env/lib/python3.10/site-packages/sklearn/decomposition/_fastica.py:595: UserWarning: n_components is too large: it will be set to 44
  warnings.warn(
/home/hodesse/miniconda3/envs/tpot2env/lib/python3.10/site-packages/sklearn/preprocessing/_data.py:2785: UserWarning: n_quantiles (766) is greater than the total number of samples (370). n_quantiles is set to n_samples.
  warnings.warn(
/home/hodesse/miniconda3/envs/tpot2env/lib/python3.10/site-packages/sklearn/decomposition/_fastica.py:595: UserWarning: n_components is too large: it will be set to 41
  warnings.warn(
/home/hodesse/miniconda3/envs/tpot2env/lib/python3.10/site-packages/sklearn/feature_selection/_univariate_selection.py:112: UserWarning: Features [18] are constant.
  warnings.warn("Features %s are constant." % constant_features_idx, UserWarning)
/home/hodesse/miniconda3/envs/tpot2env/lib/python3.10/site-packages/sklearn/feature_selection/_univariate_selection.py:113: RuntimeWarning: invalid value encountered in divide
  f = msb / msw
/home/hodesse/miniconda3/envs/tpot2env/lib/python3.10/site-packages/sklearn/preprocessing/_data.py:2785: UserWarning: n_quantiles (766) is greater than the total number of samples (371). n_quantiles is set to n_samples.
  warnings.warn(
/home/hodesse/miniconda3/envs/tpot2env/lib/python3.10/site-packages/sklearn/feature_selection/_univariate_selection.py:112: UserWarning: Features [18] are constant.
  warnings.warn("Features %s are constant." % constant_features_idx, UserWarning)
/home/hodesse/miniconda3/envs/tpot2env/lib/python3.10/site-packages/sklearn/feature_selection/_univariate_selection.py:113: RuntimeWarning: invalid value encountered in divide
  f = msb / msw
/home/hodesse/miniconda3/envs/tpot2env/lib/python3.10/site-packages/sklearn/feature_selection/_univariate_selection.py:112: UserWarning: Features [18] are constant.
  warnings.warn("Features %s are constant." % constant_features_idx, UserWarning)
/home/hodesse/miniconda3/envs/tpot2env/lib/python3.10/site-packages/sklearn/feature_selection/_univariate_selection.py:113: RuntimeWarning: invalid value encountered in divide
  f = msb / msw
/home/hodesse/miniconda3/envs/tpot2env/lib/python3.10/site-packages/sklearn/decomposition/_fastica.py:595: UserWarning: n_components is too large: it will be set to 43
  warnings.warn(
/home/hodesse/miniconda3/envs/tpot2env/lib/python3.10/site-packages/sklearn/feature_selection/_univariate_selection.py:112: UserWarning: Features [18] are constant.
  warnings.warn("Features %s are constant." % constant_features_idx, UserWarning)
/home/hodesse/miniconda3/envs/tpot2env/lib/python3.10/site-packages/sklearn/feature_selection/_univariate_selection.py:113: RuntimeWarning: invalid value encountered in divide
  f = msb / msw
/home/hodesse/miniconda3/envs/tpot2env/lib/python3.10/site-packages/sklearn/feature_selection/_univariate_selection.py:112: UserWarning: Features [18] are constant.
  warnings.warn("Features %s are constant." % constant_features_idx, UserWarning)
/home/hodesse/miniconda3/envs/tpot2env/lib/python3.10/site-packages/sklearn/feature_selection/_univariate_selection.py:113: RuntimeWarning: invalid value encountered in divide
  f = msb / msw
/home/hodesse/miniconda3/envs/tpot2env/lib/python3.10/site-packages/sklearn/preprocessing/_data.py:2785: UserWarning: n_quantiles (766) is greater than the total number of samples (371). n_quantiles is set to n_samples.
  warnings.warn(
/home/hodesse/miniconda3/envs/tpot2env/lib/python3.10/site-packages/sklearn/decomposition/_fastica.py:595: UserWarning: n_components is too large: it will be set to 44
  warnings.warn(
/home/hodesse/miniconda3/envs/tpot2env/lib/python3.10/site-packages/sklearn/preprocessing/_data.py:2785: UserWarning: n_quantiles (766) is greater than the total number of samples (370). n_quantiles is set to n_samples.
  warnings.warn(
/home/hodesse/miniconda3/envs/tpot2env/lib/python3.10/site-packages/sklearn/decomposition/_fastica.py:595: UserWarning: n_components is too large: it will be set to 4
  warnings.warn(
/home/hodesse/miniconda3/envs/tpot2env/lib/python3.10/site-packages/sklearn/preprocessing/_data.py:2785: UserWarning: n_quantiles (766) is greater than the total number of samples (370). n_quantiles is set to n_samples.
  warnings.warn(
/home/hodesse/miniconda3/envs/tpot2env/lib/python3.10/site-packages/sklearn/decomposition/_fastica.py:595: UserWarning: n_components is too large: it will be set to 4
  warnings.warn(
/home/hodesse/miniconda3/envs/tpot2env/lib/python3.10/site-packages/sklearn/preprocessing/_data.py:2785: UserWarning: n_quantiles (766) is greater than the total number of samples (370). n_quantiles is set to n_samples.
  warnings.warn(
/home/hodesse/miniconda3/envs/tpot2env/lib/python3.10/site-packages/sklearn/decomposition/_fastica.py:595: UserWarning: n_components is too large: it will be set to 4
  warnings.warn(
/home/hodesse/miniconda3/envs/tpot2env/lib/python3.10/site-packages/sklearn/preprocessing/_data.py:2785: UserWarning: n_quantiles (766) is greater than the total number of samples (371). n_quantiles is set to n_samples.
  warnings.warn(
/home/hodesse/miniconda3/envs/tpot2env/lib/python3.10/site-packages/sklearn/decomposition/_fastica.py:595: UserWarning: n_components is too large: it will be set to 4
  warnings.warn(
/home/hodesse/miniconda3/envs/tpot2env/lib/python3.10/site-packages/sklearn/preprocessing/_data.py:2785: UserWarning: n_quantiles (766) is greater than the total number of samples (371). n_quantiles is set to n_samples.
  warnings.warn(
/home/hodesse/miniconda3/envs/tpot2env/lib/python3.10/site-packages/sklearn/decomposition/_fastica.py:595: UserWarning: n_components is too large: it will be set to 4
  warnings.warn(
/home/hodesse/miniconda3/envs/tpot2env/lib/python3.10/site-packages/sklearn/preprocessing/_data.py:2785: UserWarning: n_quantiles (766) is greater than the total number of samples (370). n_quantiles is set to n_samples.
  warnings.warn(
/home/hodesse/miniconda3/envs/tpot2env/lib/python3.10/site-packages/sklearn/decomposition/_fastica.py:595: UserWarning: n_components is too large: it will be set to 44
  warnings.warn(
/home/hodesse/miniconda3/envs/tpot2env/lib/python3.10/site-packages/sklearn/preprocessing/_data.py:2785: UserWarning: n_quantiles (766) is greater than the total number of samples (370). n_quantiles is set to n_samples.
  warnings.warn(
/home/hodesse/miniconda3/envs/tpot2env/lib/python3.10/site-packages/sklearn/decomposition/_fastica.py:595: UserWarning: n_components is too large: it will be set to 44
  warnings.warn(
/home/hodesse/miniconda3/envs/tpot2env/lib/python3.10/site-packages/sklearn/preprocessing/_data.py:2785: UserWarning: n_quantiles (766) is greater than the total number of samples (370). n_quantiles is set to n_samples.
  warnings.warn(
/home/hodesse/miniconda3/envs/tpot2env/lib/python3.10/site-packages/sklearn/decomposition/_fastica.py:595: UserWarning: n_components is too large: it will be set to 41
  warnings.warn(
/home/hodesse/miniconda3/envs/tpot2env/lib/python3.10/site-packages/sklearn/feature_selection/_univariate_selection.py:112: UserWarning: Features [18] are constant.
  warnings.warn("Features %s are constant." % constant_features_idx, UserWarning)
/home/hodesse/miniconda3/envs/tpot2env/lib/python3.10/site-packages/sklearn/feature_selection/_univariate_selection.py:113: RuntimeWarning: invalid value encountered in divide
  f = msb / msw
/home/hodesse/miniconda3/envs/tpot2env/lib/python3.10/site-packages/sklearn/preprocessing/_data.py:2785: UserWarning: n_quantiles (766) is greater than the total number of samples (371). n_quantiles is set to n_samples.
  warnings.warn(
/home/hodesse/miniconda3/envs/tpot2env/lib/python3.10/site-packages/sklearn/feature_selection/_univariate_selection.py:112: UserWarning: Features [18] are constant.
  warnings.warn("Features %s are constant." % constant_features_idx, UserWarning)
/home/hodesse/miniconda3/envs/tpot2env/lib/python3.10/site-packages/sklearn/feature_selection/_univariate_selection.py:113: RuntimeWarning: invalid value encountered in divide
  f = msb / msw
/home/hodesse/miniconda3/envs/tpot2env/lib/python3.10/site-packages/sklearn/feature_selection/_univariate_selection.py:112: UserWarning: Features [18] are constant.
  warnings.warn("Features %s are constant." % constant_features_idx, UserWarning)
/home/hodesse/miniconda3/envs/tpot2env/lib/python3.10/site-packages/sklearn/feature_selection/_univariate_selection.py:113: RuntimeWarning: invalid value encountered in divide
  f = msb / msw
/home/hodesse/miniconda3/envs/tpot2env/lib/python3.10/site-packages/sklearn/decomposition/_fastica.py:595: UserWarning: n_components is too large: it will be set to 43
  warnings.warn(
/home/hodesse/miniconda3/envs/tpot2env/lib/python3.10/site-packages/sklearn/feature_selection/_univariate_selection.py:112: UserWarning: Features [18] are constant.
  warnings.warn("Features %s are constant." % constant_features_idx, UserWarning)
/home/hodesse/miniconda3/envs/tpot2env/lib/python3.10/site-packages/sklearn/feature_selection/_univariate_selection.py:113: RuntimeWarning: invalid value encountered in divide
  f = msb / msw
/home/hodesse/miniconda3/envs/tpot2env/lib/python3.10/site-packages/sklearn/feature_selection/_univariate_selection.py:112: UserWarning: Features [18] are constant.
  warnings.warn("Features %s are constant." % constant_features_idx, UserWarning)
/home/hodesse/miniconda3/envs/tpot2env/lib/python3.10/site-packages/sklearn/feature_selection/_univariate_selection.py:113: RuntimeWarning: invalid value encountered in divide
  f = msb / msw
/home/hodesse/miniconda3/envs/tpot2env/lib/python3.10/site-packages/sklearn/preprocessing/_data.py:2785: UserWarning: n_quantiles (766) is greater than the total number of samples (371). n_quantiles is set to n_samples.
  warnings.warn(
/home/hodesse/miniconda3/envs/tpot2env/lib/python3.10/site-packages/sklearn/decomposition/_fastica.py:595: UserWarning: n_components is too large: it will be set to 44
  warnings.warn(
/home/hodesse/miniconda3/envs/tpot2env/lib/python3.10/site-packages/sklearn/preprocessing/_data.py:2785: UserWarning: n_quantiles (766) is greater than the total number of samples (370). n_quantiles is set to n_samples.
  warnings.warn(
/home/hodesse/miniconda3/envs/tpot2env/lib/python3.10/site-packages/sklearn/decomposition/_fastica.py:595: UserWarning: n_components is too large: it will be set to 4
  warnings.warn(
/home/hodesse/miniconda3/envs/tpot2env/lib/python3.10/site-packages/sklearn/preprocessing/_data.py:2785: UserWarning: n_quantiles (766) is greater than the total number of samples (370). n_quantiles is set to n_samples.
  warnings.warn(
/home/hodesse/miniconda3/envs/tpot2env/lib/python3.10/site-packages/sklearn/decomposition/_fastica.py:595: UserWarning: n_components is too large: it will be set to 4
  warnings.warn(
/home/hodesse/miniconda3/envs/tpot2env/lib/python3.10/site-packages/sklearn/preprocessing/_data.py:2785: UserWarning: n_quantiles (766) is greater than the total number of samples (370). n_quantiles is set to n_samples.
  warnings.warn(
/home/hodesse/miniconda3/envs/tpot2env/lib/python3.10/site-packages/sklearn/decomposition/_fastica.py:595: UserWarning: n_components is too large: it will be set to 4
  warnings.warn(
/home/hodesse/miniconda3/envs/tpot2env/lib/python3.10/site-packages/sklearn/preprocessing/_data.py:2785: UserWarning: n_quantiles (766) is greater than the total number of samples (371). n_quantiles is set to n_samples.
  warnings.warn(
/home/hodesse/miniconda3/envs/tpot2env/lib/python3.10/site-packages/sklearn/decomposition/_fastica.py:595: UserWarning: n_components is too large: it will be set to 4
  warnings.warn(
/home/hodesse/miniconda3/envs/tpot2env/lib/python3.10/site-packages/sklearn/preprocessing/_data.py:2785: UserWarning: n_quantiles (766) is greater than the total number of samples (371). n_quantiles is set to n_samples.
  warnings.warn(
/home/hodesse/miniconda3/envs/tpot2env/lib/python3.10/site-packages/sklearn/decomposition/_fastica.py:595: UserWarning: n_components is too large: it will be set to 4
  warnings.warn(
/home/hodesse/miniconda3/envs/tpot2env/lib/python3.10/site-packages/sklearn/preprocessing/_data.py:2785: UserWarning: n_quantiles (766) is greater than the total number of samples (463). n_quantiles is set to n_samples.
  warnings.warn(
/home/hodesse/miniconda3/envs/tpot2env/lib/python3.10/site-packages/sklearn/decomposition/_fastica.py:595: UserWarning: n_components is too large: it will be set to 4
  warnings.warn(
failed on 
logs
X has 4 features, but SelectPercentile is expecting 42 features as input.
Traceback (most recent call last):
  File "/common/hodesse/hpc_test/TPOT2_ensemble/hpc_test2.py", line 148, in main
    ensemble_accuracy = accuracy_score(y_test, fitted_ensemble.predict(X_test))
  File "/home/hodesse/miniconda3/envs/tpot2env/lib/python3.10/site-packages/sklearn/model_selection/_search.py", line 597, in predict
    return self.best_estimator_.predict(X)
  File "/home/hodesse/miniconda3/envs/tpot2env/lib/python3.10/site-packages/sklearn/ensemble/_stacking.py", line 695, in predict
    y_pred = super().predict(X, **predict_params)
  File "/home/hodesse/miniconda3/envs/tpot2env/lib/python3.10/site-packages/sklearn/ensemble/_stacking.py", line 382, in predict
    return self.final_estimator_.predict(self.transform(X), **predict_params)
  File "/home/hodesse/miniconda3/envs/tpot2env/lib/python3.10/site-packages/sklearn/utils/_set_output.py", line 313, in wrapped
    data_to_wrap = f(self, X, *args, **kwargs)
  File "/home/hodesse/miniconda3/envs/tpot2env/lib/python3.10/site-packages/sklearn/ensemble/_stacking.py", line 766, in transform
    return self._transform(X)
  File "/home/hodesse/miniconda3/envs/tpot2env/lib/python3.10/site-packages/sklearn/ensemble/_stacking.py", line 306, in _transform
    predictions = [
  File "/home/hodesse/miniconda3/envs/tpot2env/lib/python3.10/site-packages/sklearn/ensemble/_stacking.py", line 307, in <listcomp>
    getattr(est, meth)(X)
  File "/home/hodesse/miniconda3/envs/tpot2env/lib/python3.10/site-packages/tpot2/graphsklearn.py", line 359, in predict_proba
    this_X = get_inputs_to_node(self.graph,
  File "/home/hodesse/miniconda3/envs/tpot2env/lib/python3.10/site-packages/tpot2/graphsklearn.py", line 200, in get_inputs_to_node
    transformed_steps = transform_sklearn_digraph(graph,
  File "/home/hodesse/miniconda3/envs/tpot2env/lib/python3.10/site-packages/tpot2/graphsklearn.py", line 177, in transform_sklearn_digraph
    transformed = instance.transform(this_X)
  File "/home/hodesse/miniconda3/envs/tpot2env/lib/python3.10/site-packages/sklearn/utils/_set_output.py", line 313, in wrapped
    data_to_wrap = f(self, X, *args, **kwargs)
  File "/home/hodesse/miniconda3/envs/tpot2env/lib/python3.10/site-packages/sklearn/feature_selection/_base.py", line 102, in transform
    X = self._validate_data(
  File "/home/hodesse/miniconda3/envs/tpot2env/lib/python3.10/site-packages/sklearn/base.py", line 654, in _validate_data
    self._check_n_features(X, reset=reset)
  File "/home/hodesse/miniconda3/envs/tpot2env/lib/python3.10/site-packages/sklearn/base.py", line 443, in _check_n_features
    raise ValueError(
ValueError: X has 4 features, but SelectPercentile is expecting 42 features as input.

DONE
