“Run: 1”
/cm/local/apps/slurm/var/spool/job939845/slurm_script: line 23: $'\nconda create --name tpot2env -c conda-forge python=3.10\n': command not found
/cm/local/apps/slurm/var/spool/job939845/slurm_script: line 27: $'\npip install -r requirements.txt\n': command not found
RunStart
data/167104_True.pkl
data/167104_True.pkl
data/167104_True.pkl
  0%|          | 0/5 [00:00<?, ?it/s]Generation:   0%|          | 0/5 [00:00<?, ?it/s]Generation:  20%|██        | 1/5 [00:03<00:13,  3.35s/it]Generation:  40%|████      | 2/5 [00:07<00:12,  4.02s/it]Generation:  60%|██████    | 3/5 [01:27<01:17, 38.68s/it]Generation:  80%|████████  | 4/5 [01:31<00:24, 24.75s/it]Generation: 100%|██████████| 5/5 [01:37<00:00, 18.28s/it]Generation: 100%|██████████| 5/5 [01:37<00:00, 19.60s/it]
/home/hodesse/miniconda3/envs/tpot2env/lib/python3.10/site-packages/sklearn/preprocessing/_data.py:2785: UserWarning: n_quantiles (626) is greater than the total number of samples (463). n_quantiles is set to n_samples.
  warnings.warn(
/home/hodesse/miniconda3/envs/tpot2env/lib/python3.10/site-packages/sklearn/preprocessing/_data.py:2785: UserWarning: n_quantiles (626) is greater than the total number of samples (463). n_quantiles is set to n_samples.
  warnings.warn(
/home/hodesse/miniconda3/envs/tpot2env/lib/python3.10/site-packages/sklearn/preprocessing/_data.py:2785: UserWarning: n_quantiles (626) is greater than the total number of samples (463). n_quantiles is set to n_samples.
  warnings.warn(
/home/hodesse/miniconda3/envs/tpot2env/lib/python3.10/site-packages/sklearn/decomposition/_fastica.py:595: UserWarning: n_components is too large: it will be set to 32
  warnings.warn(
/home/hodesse/miniconda3/envs/tpot2env/lib/python3.10/site-packages/sklearn/preprocessing/_data.py:2785: UserWarning: n_quantiles (626) is greater than the total number of samples (463). n_quantiles is set to n_samples.
  warnings.warn(
/home/hodesse/miniconda3/envs/tpot2env/lib/python3.10/site-packages/sklearn/preprocessing/_data.py:2785: UserWarning: n_quantiles (626) is greater than the total number of samples (370). n_quantiles is set to n_samples.
  warnings.warn(
/home/hodesse/miniconda3/envs/tpot2env/lib/python3.10/site-packages/sklearn/preprocessing/_data.py:2785: UserWarning: n_quantiles (626) is greater than the total number of samples (370). n_quantiles is set to n_samples.
  warnings.warn(
/home/hodesse/miniconda3/envs/tpot2env/lib/python3.10/site-packages/sklearn/decomposition/_fastica.py:595: UserWarning: n_components is too large: it will be set to 36
  warnings.warn(
/home/hodesse/miniconda3/envs/tpot2env/lib/python3.10/site-packages/sklearn/decomposition/_fastica.py:128: ConvergenceWarning: FastICA did not converge. Consider increasing tolerance or the maximum number of iterations.
  warnings.warn(
/home/hodesse/miniconda3/envs/tpot2env/lib/python3.10/site-packages/sklearn/preprocessing/_data.py:2785: UserWarning: n_quantiles (626) is greater than the total number of samples (370). n_quantiles is set to n_samples.
  warnings.warn(
/home/hodesse/miniconda3/envs/tpot2env/lib/python3.10/site-packages/sklearn/preprocessing/_data.py:2785: UserWarning: n_quantiles (626) is greater than the total number of samples (370). n_quantiles is set to n_samples.
  warnings.warn(
/home/hodesse/miniconda3/envs/tpot2env/lib/python3.10/site-packages/sklearn/preprocessing/_data.py:2785: UserWarning: n_quantiles (626) is greater than the total number of samples (370). n_quantiles is set to n_samples.
  warnings.warn(
/home/hodesse/miniconda3/envs/tpot2env/lib/python3.10/site-packages/sklearn/decomposition/_fastica.py:595: UserWarning: n_components is too large: it will be set to 36
  warnings.warn(
/home/hodesse/miniconda3/envs/tpot2env/lib/python3.10/site-packages/sklearn/decomposition/_fastica.py:128: ConvergenceWarning: FastICA did not converge. Consider increasing tolerance or the maximum number of iterations.
  warnings.warn(
/home/hodesse/miniconda3/envs/tpot2env/lib/python3.10/site-packages/sklearn/preprocessing/_data.py:2785: UserWarning: n_quantiles (626) is greater than the total number of samples (370). n_quantiles is set to n_samples.
  warnings.warn(
/home/hodesse/miniconda3/envs/tpot2env/lib/python3.10/site-packages/sklearn/preprocessing/_data.py:2785: UserWarning: n_quantiles (626) is greater than the total number of samples (370). n_quantiles is set to n_samples.
  warnings.warn(
/home/hodesse/miniconda3/envs/tpot2env/lib/python3.10/site-packages/sklearn/preprocessing/_data.py:2785: UserWarning: n_quantiles (626) is greater than the total number of samples (370). n_quantiles is set to n_samples.
  warnings.warn(
/home/hodesse/miniconda3/envs/tpot2env/lib/python3.10/site-packages/sklearn/decomposition/_fastica.py:595: UserWarning: n_components is too large: it will be set to 36
  warnings.warn(
/home/hodesse/miniconda3/envs/tpot2env/lib/python3.10/site-packages/sklearn/decomposition/_fastica.py:128: ConvergenceWarning: FastICA did not converge. Consider increasing tolerance or the maximum number of iterations.
  warnings.warn(
/home/hodesse/miniconda3/envs/tpot2env/lib/python3.10/site-packages/sklearn/preprocessing/_data.py:2785: UserWarning: n_quantiles (626) is greater than the total number of samples (370). n_quantiles is set to n_samples.
  warnings.warn(
/home/hodesse/miniconda3/envs/tpot2env/lib/python3.10/site-packages/sklearn/feature_selection/_univariate_selection.py:112: UserWarning: Features [20] are constant.
  warnings.warn("Features %s are constant." % constant_features_idx, UserWarning)
/home/hodesse/miniconda3/envs/tpot2env/lib/python3.10/site-packages/sklearn/feature_selection/_univariate_selection.py:113: RuntimeWarning: invalid value encountered in divide
  f = msb / msw
/home/hodesse/miniconda3/envs/tpot2env/lib/python3.10/site-packages/sklearn/preprocessing/_data.py:2785: UserWarning: n_quantiles (626) is greater than the total number of samples (371). n_quantiles is set to n_samples.
  warnings.warn(
/home/hodesse/miniconda3/envs/tpot2env/lib/python3.10/site-packages/sklearn/feature_selection/_univariate_selection.py:112: UserWarning: Features [20] are constant.
  warnings.warn("Features %s are constant." % constant_features_idx, UserWarning)
/home/hodesse/miniconda3/envs/tpot2env/lib/python3.10/site-packages/sklearn/feature_selection/_univariate_selection.py:113: RuntimeWarning: invalid value encountered in divide
  f = msb / msw
/home/hodesse/miniconda3/envs/tpot2env/lib/python3.10/site-packages/sklearn/feature_selection/_univariate_selection.py:112: UserWarning: Features [20] are constant.
  warnings.warn("Features %s are constant." % constant_features_idx, UserWarning)
/home/hodesse/miniconda3/envs/tpot2env/lib/python3.10/site-packages/sklearn/feature_selection/_univariate_selection.py:113: RuntimeWarning: invalid value encountered in divide
  f = msb / msw
/home/hodesse/miniconda3/envs/tpot2env/lib/python3.10/site-packages/sklearn/feature_selection/_univariate_selection.py:112: UserWarning: Features [20] are constant.
  warnings.warn("Features %s are constant." % constant_features_idx, UserWarning)
/home/hodesse/miniconda3/envs/tpot2env/lib/python3.10/site-packages/sklearn/feature_selection/_univariate_selection.py:113: RuntimeWarning: invalid value encountered in divide
  f = msb / msw
/home/hodesse/miniconda3/envs/tpot2env/lib/python3.10/site-packages/sklearn/feature_selection/_univariate_selection.py:112: UserWarning: Features [20] are constant.
  warnings.warn("Features %s are constant." % constant_features_idx, UserWarning)
/home/hodesse/miniconda3/envs/tpot2env/lib/python3.10/site-packages/sklearn/feature_selection/_univariate_selection.py:113: RuntimeWarning: invalid value encountered in divide
  f = msb / msw
/home/hodesse/miniconda3/envs/tpot2env/lib/python3.10/site-packages/sklearn/feature_selection/_univariate_selection.py:112: UserWarning: Features [20] are constant.
  warnings.warn("Features %s are constant." % constant_features_idx, UserWarning)
/home/hodesse/miniconda3/envs/tpot2env/lib/python3.10/site-packages/sklearn/feature_selection/_univariate_selection.py:113: RuntimeWarning: invalid value encountered in divide
  f = msb / msw
/home/hodesse/miniconda3/envs/tpot2env/lib/python3.10/site-packages/sklearn/feature_selection/_univariate_selection.py:112: UserWarning: Features [20] are constant.
  warnings.warn("Features %s are constant." % constant_features_idx, UserWarning)
/home/hodesse/miniconda3/envs/tpot2env/lib/python3.10/site-packages/sklearn/feature_selection/_univariate_selection.py:113: RuntimeWarning: invalid value encountered in divide
  f = msb / msw
/home/hodesse/miniconda3/envs/tpot2env/lib/python3.10/site-packages/sklearn/preprocessing/_data.py:2785: UserWarning: n_quantiles (626) is greater than the total number of samples (371). n_quantiles is set to n_samples.
  warnings.warn(
/home/hodesse/miniconda3/envs/tpot2env/lib/python3.10/site-packages/sklearn/feature_selection/_univariate_selection.py:112: UserWarning: Features [20] are constant.
  warnings.warn("Features %s are constant." % constant_features_idx, UserWarning)
/home/hodesse/miniconda3/envs/tpot2env/lib/python3.10/site-packages/sklearn/feature_selection/_univariate_selection.py:113: RuntimeWarning: invalid value encountered in divide
  f = msb / msw
/home/hodesse/miniconda3/envs/tpot2env/lib/python3.10/site-packages/sklearn/feature_selection/_univariate_selection.py:112: UserWarning: Features [20] are constant.
  warnings.warn("Features %s are constant." % constant_features_idx, UserWarning)
/home/hodesse/miniconda3/envs/tpot2env/lib/python3.10/site-packages/sklearn/feature_selection/_univariate_selection.py:113: RuntimeWarning: invalid value encountered in divide
  f = msb / msw
/home/hodesse/miniconda3/envs/tpot2env/lib/python3.10/site-packages/sklearn/feature_selection/_univariate_selection.py:112: UserWarning: Features [20] are constant.
  warnings.warn("Features %s are constant." % constant_features_idx, UserWarning)
/home/hodesse/miniconda3/envs/tpot2env/lib/python3.10/site-packages/sklearn/feature_selection/_univariate_selection.py:113: RuntimeWarning: invalid value encountered in divide
  f = msb / msw
/home/hodesse/miniconda3/envs/tpot2env/lib/python3.10/site-packages/sklearn/decomposition/_fastica.py:595: UserWarning: n_components is too large: it will be set to 36
  warnings.warn(
/home/hodesse/miniconda3/envs/tpot2env/lib/python3.10/site-packages/sklearn/decomposition/_fastica.py:128: ConvergenceWarning: FastICA did not converge. Consider increasing tolerance or the maximum number of iterations.
  warnings.warn(
/home/hodesse/miniconda3/envs/tpot2env/lib/python3.10/site-packages/sklearn/feature_selection/_univariate_selection.py:112: UserWarning: Features [20] are constant.
  warnings.warn("Features %s are constant." % constant_features_idx, UserWarning)
/home/hodesse/miniconda3/envs/tpot2env/lib/python3.10/site-packages/sklearn/feature_selection/_univariate_selection.py:113: RuntimeWarning: invalid value encountered in divide
  f = msb / msw
/home/hodesse/miniconda3/envs/tpot2env/lib/python3.10/site-packages/sklearn/feature_selection/_univariate_selection.py:112: UserWarning: Features [20] are constant.
  warnings.warn("Features %s are constant." % constant_features_idx, UserWarning)
/home/hodesse/miniconda3/envs/tpot2env/lib/python3.10/site-packages/sklearn/feature_selection/_univariate_selection.py:113: RuntimeWarning: invalid value encountered in divide
  f = msb / msw
/home/hodesse/miniconda3/envs/tpot2env/lib/python3.10/site-packages/sklearn/feature_selection/_univariate_selection.py:112: UserWarning: Features [20] are constant.
  warnings.warn("Features %s are constant." % constant_features_idx, UserWarning)
/home/hodesse/miniconda3/envs/tpot2env/lib/python3.10/site-packages/sklearn/feature_selection/_univariate_selection.py:113: RuntimeWarning: invalid value encountered in divide
  f = msb / msw
/home/hodesse/miniconda3/envs/tpot2env/lib/python3.10/site-packages/sklearn/feature_selection/_univariate_selection.py:112: UserWarning: Features [20] are constant.
  warnings.warn("Features %s are constant." % constant_features_idx, UserWarning)
/home/hodesse/miniconda3/envs/tpot2env/lib/python3.10/site-packages/sklearn/feature_selection/_univariate_selection.py:113: RuntimeWarning: invalid value encountered in divide
  f = msb / msw
/home/hodesse/miniconda3/envs/tpot2env/lib/python3.10/site-packages/sklearn/preprocessing/_data.py:2785: UserWarning: n_quantiles (626) is greater than the total number of samples (371). n_quantiles is set to n_samples.
  warnings.warn(
/home/hodesse/miniconda3/envs/tpot2env/lib/python3.10/site-packages/sklearn/preprocessing/_data.py:2785: UserWarning: n_quantiles (626) is greater than the total number of samples (371). n_quantiles is set to n_samples.
  warnings.warn(
/home/hodesse/miniconda3/envs/tpot2env/lib/python3.10/site-packages/sklearn/preprocessing/_data.py:2785: UserWarning: n_quantiles (626) is greater than the total number of samples (371). n_quantiles is set to n_samples.
  warnings.warn(
/home/hodesse/miniconda3/envs/tpot2env/lib/python3.10/site-packages/sklearn/decomposition/_fastica.py:595: UserWarning: n_components is too large: it will be set to 36
  warnings.warn(
/home/hodesse/miniconda3/envs/tpot2env/lib/python3.10/site-packages/sklearn/decomposition/_fastica.py:128: ConvergenceWarning: FastICA did not converge. Consider increasing tolerance or the maximum number of iterations.
  warnings.warn(
/home/hodesse/miniconda3/envs/tpot2env/lib/python3.10/site-packages/sklearn/preprocessing/_data.py:2785: UserWarning: n_quantiles (626) is greater than the total number of samples (371). n_quantiles is set to n_samples.
  warnings.warn(
/home/hodesse/miniconda3/envs/tpot2env/lib/python3.10/site-packages/sklearn/preprocessing/_data.py:2785: UserWarning: n_quantiles (626) is greater than the total number of samples (370). n_quantiles is set to n_samples.
  warnings.warn(
/home/hodesse/miniconda3/envs/tpot2env/lib/python3.10/site-packages/sklearn/preprocessing/_data.py:2785: UserWarning: n_quantiles (626) is greater than the total number of samples (370). n_quantiles is set to n_samples.
  warnings.warn(
/home/hodesse/miniconda3/envs/tpot2env/lib/python3.10/site-packages/sklearn/decomposition/_fastica.py:595: UserWarning: n_components is too large: it will be set to 4
  warnings.warn(
/home/hodesse/miniconda3/envs/tpot2env/lib/python3.10/site-packages/sklearn/preprocessing/_data.py:2785: UserWarning: n_quantiles (626) is greater than the total number of samples (370). n_quantiles is set to n_samples.
  warnings.warn(
/home/hodesse/miniconda3/envs/tpot2env/lib/python3.10/site-packages/sklearn/preprocessing/_data.py:2785: UserWarning: n_quantiles (626) is greater than the total number of samples (370). n_quantiles is set to n_samples.
  warnings.warn(
/home/hodesse/miniconda3/envs/tpot2env/lib/python3.10/site-packages/sklearn/preprocessing/_data.py:2785: UserWarning: n_quantiles (626) is greater than the total number of samples (370). n_quantiles is set to n_samples.
  warnings.warn(
/home/hodesse/miniconda3/envs/tpot2env/lib/python3.10/site-packages/sklearn/decomposition/_fastica.py:595: UserWarning: n_components is too large: it will be set to 4
  warnings.warn(
/home/hodesse/miniconda3/envs/tpot2env/lib/python3.10/site-packages/sklearn/preprocessing/_data.py:2785: UserWarning: n_quantiles (626) is greater than the total number of samples (370). n_quantiles is set to n_samples.
  warnings.warn(
/home/hodesse/miniconda3/envs/tpot2env/lib/python3.10/site-packages/sklearn/preprocessing/_data.py:2785: UserWarning: n_quantiles (626) is greater than the total number of samples (370). n_quantiles is set to n_samples.
  warnings.warn(
/home/hodesse/miniconda3/envs/tpot2env/lib/python3.10/site-packages/sklearn/preprocessing/_data.py:2785: UserWarning: n_quantiles (626) is greater than the total number of samples (370). n_quantiles is set to n_samples.
  warnings.warn(
/home/hodesse/miniconda3/envs/tpot2env/lib/python3.10/site-packages/sklearn/decomposition/_fastica.py:595: UserWarning: n_components is too large: it will be set to 4
  warnings.warn(
/home/hodesse/miniconda3/envs/tpot2env/lib/python3.10/site-packages/sklearn/preprocessing/_data.py:2785: UserWarning: n_quantiles (626) is greater than the total number of samples (370). n_quantiles is set to n_samples.
  warnings.warn(
/home/hodesse/miniconda3/envs/tpot2env/lib/python3.10/site-packages/sklearn/preprocessing/_data.py:2785: UserWarning: n_quantiles (626) is greater than the total number of samples (371). n_quantiles is set to n_samples.
  warnings.warn(
/home/hodesse/miniconda3/envs/tpot2env/lib/python3.10/site-packages/sklearn/preprocessing/_data.py:2785: UserWarning: n_quantiles (626) is greater than the total number of samples (371). n_quantiles is set to n_samples.
  warnings.warn(
/home/hodesse/miniconda3/envs/tpot2env/lib/python3.10/site-packages/sklearn/decomposition/_fastica.py:595: UserWarning: n_components is too large: it will be set to 4
  warnings.warn(
/home/hodesse/miniconda3/envs/tpot2env/lib/python3.10/site-packages/sklearn/preprocessing/_data.py:2785: UserWarning: n_quantiles (626) is greater than the total number of samples (371). n_quantiles is set to n_samples.
  warnings.warn(
/home/hodesse/miniconda3/envs/tpot2env/lib/python3.10/site-packages/sklearn/preprocessing/_data.py:2785: UserWarning: n_quantiles (626) is greater than the total number of samples (371). n_quantiles is set to n_samples.
  warnings.warn(
/home/hodesse/miniconda3/envs/tpot2env/lib/python3.10/site-packages/sklearn/preprocessing/_data.py:2785: UserWarning: n_quantiles (626) is greater than the total number of samples (371). n_quantiles is set to n_samples.
  warnings.warn(
/home/hodesse/miniconda3/envs/tpot2env/lib/python3.10/site-packages/sklearn/decomposition/_fastica.py:595: UserWarning: n_components is too large: it will be set to 4
  warnings.warn(
/home/hodesse/miniconda3/envs/tpot2env/lib/python3.10/site-packages/sklearn/preprocessing/_data.py:2785: UserWarning: n_quantiles (626) is greater than the total number of samples (371). n_quantiles is set to n_samples.
  warnings.warn(
/home/hodesse/miniconda3/envs/tpot2env/lib/python3.10/site-packages/sklearn/preprocessing/_data.py:2785: UserWarning: n_quantiles (626) is greater than the total number of samples (370). n_quantiles is set to n_samples.
  warnings.warn(
/home/hodesse/miniconda3/envs/tpot2env/lib/python3.10/site-packages/sklearn/preprocessing/_data.py:2785: UserWarning: n_quantiles (626) is greater than the total number of samples (370). n_quantiles is set to n_samples.
  warnings.warn(
/home/hodesse/miniconda3/envs/tpot2env/lib/python3.10/site-packages/sklearn/decomposition/_fastica.py:595: UserWarning: n_components is too large: it will be set to 36
  warnings.warn(
/home/hodesse/miniconda3/envs/tpot2env/lib/python3.10/site-packages/sklearn/decomposition/_fastica.py:128: ConvergenceWarning: FastICA did not converge. Consider increasing tolerance or the maximum number of iterations.
  warnings.warn(
/home/hodesse/miniconda3/envs/tpot2env/lib/python3.10/site-packages/sklearn/preprocessing/_data.py:2785: UserWarning: n_quantiles (626) is greater than the total number of samples (370). n_quantiles is set to n_samples.
  warnings.warn(
/home/hodesse/miniconda3/envs/tpot2env/lib/python3.10/site-packages/sklearn/preprocessing/_data.py:2785: UserWarning: n_quantiles (626) is greater than the total number of samples (370). n_quantiles is set to n_samples.
  warnings.warn(
/home/hodesse/miniconda3/envs/tpot2env/lib/python3.10/site-packages/sklearn/preprocessing/_data.py:2785: UserWarning: n_quantiles (626) is greater than the total number of samples (370). n_quantiles is set to n_samples.
  warnings.warn(
/home/hodesse/miniconda3/envs/tpot2env/lib/python3.10/site-packages/sklearn/decomposition/_fastica.py:595: UserWarning: n_components is too large: it will be set to 36
  warnings.warn(
/home/hodesse/miniconda3/envs/tpot2env/lib/python3.10/site-packages/sklearn/decomposition/_fastica.py:128: ConvergenceWarning: FastICA did not converge. Consider increasing tolerance or the maximum number of iterations.
  warnings.warn(
/home/hodesse/miniconda3/envs/tpot2env/lib/python3.10/site-packages/sklearn/preprocessing/_data.py:2785: UserWarning: n_quantiles (626) is greater than the total number of samples (370). n_quantiles is set to n_samples.
  warnings.warn(
/home/hodesse/miniconda3/envs/tpot2env/lib/python3.10/site-packages/sklearn/preprocessing/_data.py:2785: UserWarning: n_quantiles (626) is greater than the total number of samples (370). n_quantiles is set to n_samples.
  warnings.warn(
/home/hodesse/miniconda3/envs/tpot2env/lib/python3.10/site-packages/sklearn/preprocessing/_data.py:2785: UserWarning: n_quantiles (626) is greater than the total number of samples (370). n_quantiles is set to n_samples.
  warnings.warn(
/home/hodesse/miniconda3/envs/tpot2env/lib/python3.10/site-packages/sklearn/decomposition/_fastica.py:595: UserWarning: n_components is too large: it will be set to 36
  warnings.warn(
/home/hodesse/miniconda3/envs/tpot2env/lib/python3.10/site-packages/sklearn/decomposition/_fastica.py:128: ConvergenceWarning: FastICA did not converge. Consider increasing tolerance or the maximum number of iterations.
  warnings.warn(
/home/hodesse/miniconda3/envs/tpot2env/lib/python3.10/site-packages/sklearn/preprocessing/_data.py:2785: UserWarning: n_quantiles (626) is greater than the total number of samples (370). n_quantiles is set to n_samples.
  warnings.warn(
/home/hodesse/miniconda3/envs/tpot2env/lib/python3.10/site-packages/sklearn/feature_selection/_univariate_selection.py:112: UserWarning: Features [20] are constant.
  warnings.warn("Features %s are constant." % constant_features_idx, UserWarning)
/home/hodesse/miniconda3/envs/tpot2env/lib/python3.10/site-packages/sklearn/feature_selection/_univariate_selection.py:113: RuntimeWarning: invalid value encountered in divide
  f = msb / msw
/home/hodesse/miniconda3/envs/tpot2env/lib/python3.10/site-packages/sklearn/preprocessing/_data.py:2785: UserWarning: n_quantiles (626) is greater than the total number of samples (371). n_quantiles is set to n_samples.
  warnings.warn(
/home/hodesse/miniconda3/envs/tpot2env/lib/python3.10/site-packages/sklearn/feature_selection/_univariate_selection.py:112: UserWarning: Features [20] are constant.
  warnings.warn("Features %s are constant." % constant_features_idx, UserWarning)
/home/hodesse/miniconda3/envs/tpot2env/lib/python3.10/site-packages/sklearn/feature_selection/_univariate_selection.py:113: RuntimeWarning: invalid value encountered in divide
  f = msb / msw
/home/hodesse/miniconda3/envs/tpot2env/lib/python3.10/site-packages/sklearn/feature_selection/_univariate_selection.py:112: UserWarning: Features [20] are constant.
  warnings.warn("Features %s are constant." % constant_features_idx, UserWarning)
/home/hodesse/miniconda3/envs/tpot2env/lib/python3.10/site-packages/sklearn/feature_selection/_univariate_selection.py:113: RuntimeWarning: invalid value encountered in divide
  f = msb / msw
/home/hodesse/miniconda3/envs/tpot2env/lib/python3.10/site-packages/sklearn/feature_selection/_univariate_selection.py:112: UserWarning: Features [20] are constant.
  warnings.warn("Features %s are constant." % constant_features_idx, UserWarning)
/home/hodesse/miniconda3/envs/tpot2env/lib/python3.10/site-packages/sklearn/feature_selection/_univariate_selection.py:113: RuntimeWarning: invalid value encountered in divide
  f = msb / msw
/home/hodesse/miniconda3/envs/tpot2env/lib/python3.10/site-packages/sklearn/feature_selection/_univariate_selection.py:112: UserWarning: Features [20] are constant.
  warnings.warn("Features %s are constant." % constant_features_idx, UserWarning)
/home/hodesse/miniconda3/envs/tpot2env/lib/python3.10/site-packages/sklearn/feature_selection/_univariate_selection.py:113: RuntimeWarning: invalid value encountered in divide
  f = msb / msw
/home/hodesse/miniconda3/envs/tpot2env/lib/python3.10/site-packages/sklearn/feature_selection/_univariate_selection.py:112: UserWarning: Features [20] are constant.
  warnings.warn("Features %s are constant." % constant_features_idx, UserWarning)
/home/hodesse/miniconda3/envs/tpot2env/lib/python3.10/site-packages/sklearn/feature_selection/_univariate_selection.py:113: RuntimeWarning: invalid value encountered in divide
  f = msb / msw
/home/hodesse/miniconda3/envs/tpot2env/lib/python3.10/site-packages/sklearn/feature_selection/_univariate_selection.py:112: UserWarning: Features [20] are constant.
  warnings.warn("Features %s are constant." % constant_features_idx, UserWarning)
/home/hodesse/miniconda3/envs/tpot2env/lib/python3.10/site-packages/sklearn/feature_selection/_univariate_selection.py:113: RuntimeWarning: invalid value encountered in divide
  f = msb / msw
/home/hodesse/miniconda3/envs/tpot2env/lib/python3.10/site-packages/sklearn/preprocessing/_data.py:2785: UserWarning: n_quantiles (626) is greater than the total number of samples (371). n_quantiles is set to n_samples.
  warnings.warn(
/home/hodesse/miniconda3/envs/tpot2env/lib/python3.10/site-packages/sklearn/feature_selection/_univariate_selection.py:112: UserWarning: Features [20] are constant.
  warnings.warn("Features %s are constant." % constant_features_idx, UserWarning)
/home/hodesse/miniconda3/envs/tpot2env/lib/python3.10/site-packages/sklearn/feature_selection/_univariate_selection.py:113: RuntimeWarning: invalid value encountered in divide
  f = msb / msw
/home/hodesse/miniconda3/envs/tpot2env/lib/python3.10/site-packages/sklearn/feature_selection/_univariate_selection.py:112: UserWarning: Features [20] are constant.
  warnings.warn("Features %s are constant." % constant_features_idx, UserWarning)
/home/hodesse/miniconda3/envs/tpot2env/lib/python3.10/site-packages/sklearn/feature_selection/_univariate_selection.py:113: RuntimeWarning: invalid value encountered in divide
  f = msb / msw
/home/hodesse/miniconda3/envs/tpot2env/lib/python3.10/site-packages/sklearn/feature_selection/_univariate_selection.py:112: UserWarning: Features [20] are constant.
  warnings.warn("Features %s are constant." % constant_features_idx, UserWarning)
/home/hodesse/miniconda3/envs/tpot2env/lib/python3.10/site-packages/sklearn/feature_selection/_univariate_selection.py:113: RuntimeWarning: invalid value encountered in divide
  f = msb / msw
/home/hodesse/miniconda3/envs/tpot2env/lib/python3.10/site-packages/sklearn/decomposition/_fastica.py:595: UserWarning: n_components is too large: it will be set to 36
  warnings.warn(
/home/hodesse/miniconda3/envs/tpot2env/lib/python3.10/site-packages/sklearn/decomposition/_fastica.py:128: ConvergenceWarning: FastICA did not converge. Consider increasing tolerance or the maximum number of iterations.
  warnings.warn(
/home/hodesse/miniconda3/envs/tpot2env/lib/python3.10/site-packages/sklearn/feature_selection/_univariate_selection.py:112: UserWarning: Features [20] are constant.
  warnings.warn("Features %s are constant." % constant_features_idx, UserWarning)
/home/hodesse/miniconda3/envs/tpot2env/lib/python3.10/site-packages/sklearn/feature_selection/_univariate_selection.py:113: RuntimeWarning: invalid value encountered in divide
  f = msb / msw
/home/hodesse/miniconda3/envs/tpot2env/lib/python3.10/site-packages/sklearn/feature_selection/_univariate_selection.py:112: UserWarning: Features [20] are constant.
  warnings.warn("Features %s are constant." % constant_features_idx, UserWarning)
/home/hodesse/miniconda3/envs/tpot2env/lib/python3.10/site-packages/sklearn/feature_selection/_univariate_selection.py:113: RuntimeWarning: invalid value encountered in divide
  f = msb / msw
/home/hodesse/miniconda3/envs/tpot2env/lib/python3.10/site-packages/sklearn/feature_selection/_univariate_selection.py:112: UserWarning: Features [20] are constant.
  warnings.warn("Features %s are constant." % constant_features_idx, UserWarning)
/home/hodesse/miniconda3/envs/tpot2env/lib/python3.10/site-packages/sklearn/feature_selection/_univariate_selection.py:113: RuntimeWarning: invalid value encountered in divide
  f = msb / msw
/home/hodesse/miniconda3/envs/tpot2env/lib/python3.10/site-packages/sklearn/feature_selection/_univariate_selection.py:112: UserWarning: Features [20] are constant.
  warnings.warn("Features %s are constant." % constant_features_idx, UserWarning)
/home/hodesse/miniconda3/envs/tpot2env/lib/python3.10/site-packages/sklearn/feature_selection/_univariate_selection.py:113: RuntimeWarning: invalid value encountered in divide
  f = msb / msw
/home/hodesse/miniconda3/envs/tpot2env/lib/python3.10/site-packages/sklearn/preprocessing/_data.py:2785: UserWarning: n_quantiles (626) is greater than the total number of samples (371). n_quantiles is set to n_samples.
  warnings.warn(
/home/hodesse/miniconda3/envs/tpot2env/lib/python3.10/site-packages/sklearn/preprocessing/_data.py:2785: UserWarning: n_quantiles (626) is greater than the total number of samples (371). n_quantiles is set to n_samples.
  warnings.warn(
/home/hodesse/miniconda3/envs/tpot2env/lib/python3.10/site-packages/sklearn/preprocessing/_data.py:2785: UserWarning: n_quantiles (626) is greater than the total number of samples (371). n_quantiles is set to n_samples.
  warnings.warn(
/home/hodesse/miniconda3/envs/tpot2env/lib/python3.10/site-packages/sklearn/decomposition/_fastica.py:595: UserWarning: n_components is too large: it will be set to 36
  warnings.warn(
/home/hodesse/miniconda3/envs/tpot2env/lib/python3.10/site-packages/sklearn/decomposition/_fastica.py:128: ConvergenceWarning: FastICA did not converge. Consider increasing tolerance or the maximum number of iterations.
  warnings.warn(
/home/hodesse/miniconda3/envs/tpot2env/lib/python3.10/site-packages/sklearn/preprocessing/_data.py:2785: UserWarning: n_quantiles (626) is greater than the total number of samples (371). n_quantiles is set to n_samples.
  warnings.warn(
/home/hodesse/miniconda3/envs/tpot2env/lib/python3.10/site-packages/sklearn/preprocessing/_data.py:2785: UserWarning: n_quantiles (626) is greater than the total number of samples (370). n_quantiles is set to n_samples.
  warnings.warn(
/home/hodesse/miniconda3/envs/tpot2env/lib/python3.10/site-packages/sklearn/preprocessing/_data.py:2785: UserWarning: n_quantiles (626) is greater than the total number of samples (370). n_quantiles is set to n_samples.
  warnings.warn(
/home/hodesse/miniconda3/envs/tpot2env/lib/python3.10/site-packages/sklearn/decomposition/_fastica.py:595: UserWarning: n_components is too large: it will be set to 4
  warnings.warn(
/home/hodesse/miniconda3/envs/tpot2env/lib/python3.10/site-packages/sklearn/preprocessing/_data.py:2785: UserWarning: n_quantiles (626) is greater than the total number of samples (370). n_quantiles is set to n_samples.
  warnings.warn(
/home/hodesse/miniconda3/envs/tpot2env/lib/python3.10/site-packages/sklearn/preprocessing/_data.py:2785: UserWarning: n_quantiles (626) is greater than the total number of samples (370). n_quantiles is set to n_samples.
  warnings.warn(
/home/hodesse/miniconda3/envs/tpot2env/lib/python3.10/site-packages/sklearn/preprocessing/_data.py:2785: UserWarning: n_quantiles (626) is greater than the total number of samples (370). n_quantiles is set to n_samples.
  warnings.warn(
/home/hodesse/miniconda3/envs/tpot2env/lib/python3.10/site-packages/sklearn/decomposition/_fastica.py:595: UserWarning: n_components is too large: it will be set to 4
  warnings.warn(
/home/hodesse/miniconda3/envs/tpot2env/lib/python3.10/site-packages/sklearn/preprocessing/_data.py:2785: UserWarning: n_quantiles (626) is greater than the total number of samples (370). n_quantiles is set to n_samples.
  warnings.warn(
/home/hodesse/miniconda3/envs/tpot2env/lib/python3.10/site-packages/sklearn/preprocessing/_data.py:2785: UserWarning: n_quantiles (626) is greater than the total number of samples (370). n_quantiles is set to n_samples.
  warnings.warn(
/home/hodesse/miniconda3/envs/tpot2env/lib/python3.10/site-packages/sklearn/preprocessing/_data.py:2785: UserWarning: n_quantiles (626) is greater than the total number of samples (370). n_quantiles is set to n_samples.
  warnings.warn(
/home/hodesse/miniconda3/envs/tpot2env/lib/python3.10/site-packages/sklearn/decomposition/_fastica.py:595: UserWarning: n_components is too large: it will be set to 4
  warnings.warn(
/home/hodesse/miniconda3/envs/tpot2env/lib/python3.10/site-packages/sklearn/preprocessing/_data.py:2785: UserWarning: n_quantiles (626) is greater than the total number of samples (370). n_quantiles is set to n_samples.
  warnings.warn(
/home/hodesse/miniconda3/envs/tpot2env/lib/python3.10/site-packages/sklearn/preprocessing/_data.py:2785: UserWarning: n_quantiles (626) is greater than the total number of samples (371). n_quantiles is set to n_samples.
  warnings.warn(
/home/hodesse/miniconda3/envs/tpot2env/lib/python3.10/site-packages/sklearn/preprocessing/_data.py:2785: UserWarning: n_quantiles (626) is greater than the total number of samples (371). n_quantiles is set to n_samples.
  warnings.warn(
/home/hodesse/miniconda3/envs/tpot2env/lib/python3.10/site-packages/sklearn/decomposition/_fastica.py:595: UserWarning: n_components is too large: it will be set to 4
  warnings.warn(
/home/hodesse/miniconda3/envs/tpot2env/lib/python3.10/site-packages/sklearn/preprocessing/_data.py:2785: UserWarning: n_quantiles (626) is greater than the total number of samples (371). n_quantiles is set to n_samples.
  warnings.warn(
/home/hodesse/miniconda3/envs/tpot2env/lib/python3.10/site-packages/sklearn/preprocessing/_data.py:2785: UserWarning: n_quantiles (626) is greater than the total number of samples (371). n_quantiles is set to n_samples.
  warnings.warn(
/home/hodesse/miniconda3/envs/tpot2env/lib/python3.10/site-packages/sklearn/preprocessing/_data.py:2785: UserWarning: n_quantiles (626) is greater than the total number of samples (371). n_quantiles is set to n_samples.
  warnings.warn(
/home/hodesse/miniconda3/envs/tpot2env/lib/python3.10/site-packages/sklearn/decomposition/_fastica.py:595: UserWarning: n_components is too large: it will be set to 4
  warnings.warn(
/home/hodesse/miniconda3/envs/tpot2env/lib/python3.10/site-packages/sklearn/preprocessing/_data.py:2785: UserWarning: n_quantiles (626) is greater than the total number of samples (371). n_quantiles is set to n_samples.
  warnings.warn(
/home/hodesse/miniconda3/envs/tpot2env/lib/python3.10/site-packages/sklearn/preprocessing/_data.py:2785: UserWarning: n_quantiles (626) is greater than the total number of samples (463). n_quantiles is set to n_samples.
  warnings.warn(
/home/hodesse/miniconda3/envs/tpot2env/lib/python3.10/site-packages/sklearn/preprocessing/_data.py:2785: UserWarning: n_quantiles (626) is greater than the total number of samples (463). n_quantiles is set to n_samples.
  warnings.warn(
/home/hodesse/miniconda3/envs/tpot2env/lib/python3.10/site-packages/sklearn/decomposition/_fastica.py:595: UserWarning: n_components is too large: it will be set to 4
  warnings.warn(
/home/hodesse/miniconda3/envs/tpot2env/lib/python3.10/site-packages/sklearn/preprocessing/_data.py:2785: UserWarning: n_quantiles (626) is greater than the total number of samples (463). n_quantiles is set to n_samples.
  warnings.warn(
data/167184_True.pkl
data/167104_True.pkl
  0%|          | 0/5 [00:00<?, ?it/s]Generation:   0%|          | 0/5 [00:00<?, ?it/s]Generation:  20%|██        | 1/5 [00:05<00:20,  5.09s/it]Generation:  40%|████      | 2/5 [00:06<00:09,  3.11s/it]Generation:  60%|██████    | 3/5 [00:08<00:04,  2.46s/it]Generation:  80%|████████  | 4/5 [00:10<00:02,  2.11s/it]Generation: 100%|██████████| 5/5 [00:13<00:00,  2.53s/it]Generation: 100%|██████████| 5/5 [00:13<00:00,  2.67s/it]
/home/hodesse/miniconda3/envs/tpot2env/lib/python3.10/site-packages/sklearn/decomposition/_fastica.py:595: UserWarning: n_components is too large: it will be set to 3
  warnings.warn(
/home/hodesse/miniconda3/envs/tpot2env/lib/python3.10/site-packages/sklearn/decomposition/_fastica.py:128: ConvergenceWarning: FastICA did not converge. Consider increasing tolerance or the maximum number of iterations.
  warnings.warn(
/home/hodesse/miniconda3/envs/tpot2env/lib/python3.10/site-packages/sklearn/preprocessing/_data.py:2785: UserWarning: n_quantiles (1189) is greater than the total number of samples (502). n_quantiles is set to n_samples.
  warnings.warn(
/home/hodesse/miniconda3/envs/tpot2env/lib/python3.10/site-packages/sklearn/preprocessing/_data.py:2785: UserWarning: n_quantiles (645) is greater than the total number of samples (502). n_quantiles is set to n_samples.
  warnings.warn(
/home/hodesse/miniconda3/envs/tpot2env/lib/python3.10/site-packages/sklearn/preprocessing/_data.py:2785: UserWarning: n_quantiles (645) is greater than the total number of samples (463). n_quantiles is set to n_samples.
  warnings.warn(
/home/hodesse/miniconda3/envs/tpot2env/lib/python3.10/site-packages/sklearn/preprocessing/_data.py:2785: UserWarning: n_quantiles (1189) is greater than the total number of samples (463). n_quantiles is set to n_samples.
  warnings.warn(
/home/hodesse/miniconda3/envs/tpot2env/lib/python3.10/site-packages/sklearn/preprocessing/_data.py:2785: UserWarning: n_quantiles (645) is greater than the total number of samples (463). n_quantiles is set to n_samples.
  warnings.warn(
/home/hodesse/miniconda3/envs/tpot2env/lib/python3.10/site-packages/sklearn/preprocessing/_data.py:2785: UserWarning: n_quantiles (1152) is greater than the total number of samples (463). n_quantiles is set to n_samples.
  warnings.warn(
/home/hodesse/miniconda3/envs/tpot2env/lib/python3.10/site-packages/sklearn/decomposition/_fastica.py:595: UserWarning: n_components is too large: it will be set to 14
  warnings.warn(
/home/hodesse/miniconda3/envs/tpot2env/lib/python3.10/site-packages/sklearn/decomposition/_fastica.py:128: ConvergenceWarning: FastICA did not converge. Consider increasing tolerance or the maximum number of iterations.
  warnings.warn(
/home/hodesse/miniconda3/envs/tpot2env/lib/python3.10/site-packages/sklearn/preprocessing/_data.py:2785: UserWarning: n_quantiles (1189) is greater than the total number of samples (463). n_quantiles is set to n_samples.
  warnings.warn(
/home/hodesse/miniconda3/envs/tpot2env/lib/python3.10/site-packages/sklearn/preprocessing/_data.py:2785: UserWarning: n_quantiles (645) is greater than the total number of samples (463). n_quantiles is set to n_samples.
  warnings.warn(
/home/hodesse/miniconda3/envs/tpot2env/lib/python3.10/site-packages/sklearn/preprocessing/_data.py:2785: UserWarning: n_quantiles (645) is greater than the total number of samples (370). n_quantiles is set to n_samples.
  warnings.warn(
/home/hodesse/miniconda3/envs/tpot2env/lib/python3.10/site-packages/sklearn/preprocessing/_data.py:2785: UserWarning: n_quantiles (1189) is greater than the total number of samples (370). n_quantiles is set to n_samples.
  warnings.warn(
/home/hodesse/miniconda3/envs/tpot2env/lib/python3.10/site-packages/sklearn/preprocessing/_data.py:2785: UserWarning: n_quantiles (645) is greater than the total number of samples (370). n_quantiles is set to n_samples.
  warnings.warn(
/home/hodesse/miniconda3/envs/tpot2env/lib/python3.10/site-packages/sklearn/preprocessing/_data.py:2785: UserWarning: n_quantiles (1152) is greater than the total number of samples (370). n_quantiles is set to n_samples.
  warnings.warn(
/home/hodesse/miniconda3/envs/tpot2env/lib/python3.10/site-packages/sklearn/decomposition/_fastica.py:595: UserWarning: n_components is too large: it will be set to 15
  warnings.warn(
/home/hodesse/miniconda3/envs/tpot2env/lib/python3.10/site-packages/sklearn/decomposition/_fastica.py:128: ConvergenceWarning: FastICA did not converge. Consider increasing tolerance or the maximum number of iterations.
  warnings.warn(
/home/hodesse/miniconda3/envs/tpot2env/lib/python3.10/site-packages/sklearn/preprocessing/_data.py:2785: UserWarning: n_quantiles (1189) is greater than the total number of samples (370). n_quantiles is set to n_samples.
  warnings.warn(
/home/hodesse/miniconda3/envs/tpot2env/lib/python3.10/site-packages/sklearn/preprocessing/_data.py:2785: UserWarning: n_quantiles (645) is greater than the total number of samples (370). n_quantiles is set to n_samples.
  warnings.warn(
/home/hodesse/miniconda3/envs/tpot2env/lib/python3.10/site-packages/sklearn/preprocessing/_data.py:2785: UserWarning: n_quantiles (645) is greater than the total number of samples (370). n_quantiles is set to n_samples.
  warnings.warn(
/home/hodesse/miniconda3/envs/tpot2env/lib/python3.10/site-packages/sklearn/preprocessing/_data.py:2785: UserWarning: n_quantiles (1189) is greater than the total number of samples (370). n_quantiles is set to n_samples.
  warnings.warn(
/home/hodesse/miniconda3/envs/tpot2env/lib/python3.10/site-packages/sklearn/preprocessing/_data.py:2785: UserWarning: n_quantiles (645) is greater than the total number of samples (370). n_quantiles is set to n_samples.
  warnings.warn(
/home/hodesse/miniconda3/envs/tpot2env/lib/python3.10/site-packages/sklearn/preprocessing/_data.py:2785: UserWarning: n_quantiles (1152) is greater than the total number of samples (370). n_quantiles is set to n_samples.
  warnings.warn(
/home/hodesse/miniconda3/envs/tpot2env/lib/python3.10/site-packages/sklearn/decomposition/_fastica.py:595: UserWarning: n_components is too large: it will be set to 15
  warnings.warn(
/home/hodesse/miniconda3/envs/tpot2env/lib/python3.10/site-packages/sklearn/decomposition/_fastica.py:128: ConvergenceWarning: FastICA did not converge. Consider increasing tolerance or the maximum number of iterations.
  warnings.warn(
/home/hodesse/miniconda3/envs/tpot2env/lib/python3.10/site-packages/sklearn/preprocessing/_data.py:2785: UserWarning: n_quantiles (1189) is greater than the total number of samples (370). n_quantiles is set to n_samples.
  warnings.warn(
/home/hodesse/miniconda3/envs/tpot2env/lib/python3.10/site-packages/sklearn/preprocessing/_data.py:2785: UserWarning: n_quantiles (645) is greater than the total number of samples (370). n_quantiles is set to n_samples.
  warnings.warn(
/home/hodesse/miniconda3/envs/tpot2env/lib/python3.10/site-packages/sklearn/preprocessing/_data.py:2785: UserWarning: n_quantiles (645) is greater than the total number of samples (370). n_quantiles is set to n_samples.
  warnings.warn(
/home/hodesse/miniconda3/envs/tpot2env/lib/python3.10/site-packages/sklearn/preprocessing/_data.py:2785: UserWarning: n_quantiles (1189) is greater than the total number of samples (370). n_quantiles is set to n_samples.
  warnings.warn(
/home/hodesse/miniconda3/envs/tpot2env/lib/python3.10/site-packages/sklearn/preprocessing/_data.py:2785: UserWarning: n_quantiles (645) is greater than the total number of samples (370). n_quantiles is set to n_samples.
  warnings.warn(
/home/hodesse/miniconda3/envs/tpot2env/lib/python3.10/site-packages/sklearn/preprocessing/_data.py:2785: UserWarning: n_quantiles (1152) is greater than the total number of samples (370). n_quantiles is set to n_samples.
  warnings.warn(
/home/hodesse/miniconda3/envs/tpot2env/lib/python3.10/site-packages/sklearn/decomposition/_fastica.py:595: UserWarning: n_components is too large: it will be set to 13
  warnings.warn(
/home/hodesse/miniconda3/envs/tpot2env/lib/python3.10/site-packages/sklearn/decomposition/_fastica.py:128: ConvergenceWarning: FastICA did not converge. Consider increasing tolerance or the maximum number of iterations.
  warnings.warn(
/home/hodesse/miniconda3/envs/tpot2env/lib/python3.10/site-packages/sklearn/preprocessing/_data.py:2785: UserWarning: n_quantiles (1189) is greater than the total number of samples (370). n_quantiles is set to n_samples.
  warnings.warn(
/home/hodesse/miniconda3/envs/tpot2env/lib/python3.10/site-packages/sklearn/preprocessing/_data.py:2785: UserWarning: n_quantiles (645) is greater than the total number of samples (370). n_quantiles is set to n_samples.
  warnings.warn(
/home/hodesse/miniconda3/envs/tpot2env/lib/python3.10/site-packages/sklearn/preprocessing/_data.py:2785: UserWarning: n_quantiles (645) is greater than the total number of samples (371). n_quantiles is set to n_samples.
  warnings.warn(
/home/hodesse/miniconda3/envs/tpot2env/lib/python3.10/site-packages/sklearn/feature_selection/_univariate_selection.py:112: UserWarning: Features [19] are constant.
  warnings.warn("Features %s are constant." % constant_features_idx, UserWarning)
/home/hodesse/miniconda3/envs/tpot2env/lib/python3.10/site-packages/sklearn/feature_selection/_univariate_selection.py:113: RuntimeWarning: invalid value encountered in divide
  f = msb / msw
/home/hodesse/miniconda3/envs/tpot2env/lib/python3.10/site-packages/sklearn/feature_selection/_univariate_selection.py:112: UserWarning: Features [19] are constant.
  warnings.warn("Features %s are constant." % constant_features_idx, UserWarning)
/home/hodesse/miniconda3/envs/tpot2env/lib/python3.10/site-packages/sklearn/feature_selection/_univariate_selection.py:113: RuntimeWarning: invalid value encountered in divide
  f = msb / msw
/home/hodesse/miniconda3/envs/tpot2env/lib/python3.10/site-packages/sklearn/feature_selection/_univariate_selection.py:112: UserWarning: Features [19] are constant.
  warnings.warn("Features %s are constant." % constant_features_idx, UserWarning)
/home/hodesse/miniconda3/envs/tpot2env/lib/python3.10/site-packages/sklearn/feature_selection/_univariate_selection.py:113: RuntimeWarning: invalid value encountered in divide
  f = msb / msw
/home/hodesse/miniconda3/envs/tpot2env/lib/python3.10/site-packages/sklearn/preprocessing/_data.py:2785: UserWarning: n_quantiles (1189) is greater than the total number of samples (371). n_quantiles is set to n_samples.
  warnings.warn(
/home/hodesse/miniconda3/envs/tpot2env/lib/python3.10/site-packages/sklearn/preprocessing/_data.py:2785: UserWarning: n_quantiles (645) is greater than the total number of samples (371). n_quantiles is set to n_samples.
  warnings.warn(
/home/hodesse/miniconda3/envs/tpot2env/lib/python3.10/site-packages/sklearn/feature_selection/_univariate_selection.py:112: UserWarning: Features [19] are constant.
  warnings.warn("Features %s are constant." % constant_features_idx, UserWarning)
/home/hodesse/miniconda3/envs/tpot2env/lib/python3.10/site-packages/sklearn/feature_selection/_univariate_selection.py:113: RuntimeWarning: invalid value encountered in divide
  f = msb / msw
/home/hodesse/miniconda3/envs/tpot2env/lib/python3.10/site-packages/sklearn/feature_selection/_univariate_selection.py:112: UserWarning: Features [19] are constant.
  warnings.warn("Features %s are constant." % constant_features_idx, UserWarning)
/home/hodesse/miniconda3/envs/tpot2env/lib/python3.10/site-packages/sklearn/feature_selection/_univariate_selection.py:113: RuntimeWarning: invalid value encountered in divide
  f = msb / msw
/home/hodesse/miniconda3/envs/tpot2env/lib/python3.10/site-packages/sklearn/preprocessing/_data.py:2785: UserWarning: n_quantiles (1152) is greater than the total number of samples (371). n_quantiles is set to n_samples.
  warnings.warn(
/home/hodesse/miniconda3/envs/tpot2env/lib/python3.10/site-packages/sklearn/feature_selection/_univariate_selection.py:112: UserWarning: Features [19] are constant.
  warnings.warn("Features %s are constant." % constant_features_idx, UserWarning)
/home/hodesse/miniconda3/envs/tpot2env/lib/python3.10/site-packages/sklearn/feature_selection/_univariate_selection.py:113: RuntimeWarning: invalid value encountered in divide
  f = msb / msw
/home/hodesse/miniconda3/envs/tpot2env/lib/python3.10/site-packages/sklearn/feature_selection/_univariate_selection.py:112: UserWarning: Features [19] are constant.
  warnings.warn("Features %s are constant." % constant_features_idx, UserWarning)
/home/hodesse/miniconda3/envs/tpot2env/lib/python3.10/site-packages/sklearn/feature_selection/_univariate_selection.py:113: RuntimeWarning: invalid value encountered in divide
  f = msb / msw
/home/hodesse/miniconda3/envs/tpot2env/lib/python3.10/site-packages/sklearn/feature_selection/_univariate_selection.py:112: UserWarning: Features [19] are constant.
  warnings.warn("Features %s are constant." % constant_features_idx, UserWarning)
/home/hodesse/miniconda3/envs/tpot2env/lib/python3.10/site-packages/sklearn/feature_selection/_univariate_selection.py:113: RuntimeWarning: invalid value encountered in divide
  f = msb / msw
/home/hodesse/miniconda3/envs/tpot2env/lib/python3.10/site-packages/sklearn/decomposition/_fastica.py:595: UserWarning: n_components is too large: it will be set to 14
  warnings.warn(
/home/hodesse/miniconda3/envs/tpot2env/lib/python3.10/site-packages/sklearn/decomposition/_fastica.py:128: ConvergenceWarning: FastICA did not converge. Consider increasing tolerance or the maximum number of iterations.
  warnings.warn(
/home/hodesse/miniconda3/envs/tpot2env/lib/python3.10/site-packages/sklearn/preprocessing/_data.py:2785: UserWarning: n_quantiles (1189) is greater than the total number of samples (371). n_quantiles is set to n_samples.
  warnings.warn(
/home/hodesse/miniconda3/envs/tpot2env/lib/python3.10/site-packages/sklearn/preprocessing/_data.py:2785: UserWarning: n_quantiles (645) is greater than the total number of samples (371). n_quantiles is set to n_samples.
  warnings.warn(
/home/hodesse/miniconda3/envs/tpot2env/lib/python3.10/site-packages/sklearn/feature_selection/_univariate_selection.py:112: UserWarning: Features [19] are constant.
  warnings.warn("Features %s are constant." % constant_features_idx, UserWarning)
/home/hodesse/miniconda3/envs/tpot2env/lib/python3.10/site-packages/sklearn/feature_selection/_univariate_selection.py:113: RuntimeWarning: invalid value encountered in divide
  f = msb / msw
/home/hodesse/miniconda3/envs/tpot2env/lib/python3.10/site-packages/sklearn/preprocessing/_data.py:2785: UserWarning: n_quantiles (645) is greater than the total number of samples (371). n_quantiles is set to n_samples.
  warnings.warn(
/home/hodesse/miniconda3/envs/tpot2env/lib/python3.10/site-packages/sklearn/preprocessing/_data.py:2785: UserWarning: n_quantiles (1189) is greater than the total number of samples (371). n_quantiles is set to n_samples.
  warnings.warn(
/home/hodesse/miniconda3/envs/tpot2env/lib/python3.10/site-packages/sklearn/preprocessing/_data.py:2785: UserWarning: n_quantiles (645) is greater than the total number of samples (371). n_quantiles is set to n_samples.
  warnings.warn(
/home/hodesse/miniconda3/envs/tpot2env/lib/python3.10/site-packages/sklearn/preprocessing/_data.py:2785: UserWarning: n_quantiles (1152) is greater than the total number of samples (371). n_quantiles is set to n_samples.
  warnings.warn(
/home/hodesse/miniconda3/envs/tpot2env/lib/python3.10/site-packages/sklearn/decomposition/_fastica.py:595: UserWarning: n_components is too large: it will be set to 16
  warnings.warn(
/home/hodesse/miniconda3/envs/tpot2env/lib/python3.10/site-packages/sklearn/decomposition/_fastica.py:128: ConvergenceWarning: FastICA did not converge. Consider increasing tolerance or the maximum number of iterations.
  warnings.warn(
/home/hodesse/miniconda3/envs/tpot2env/lib/python3.10/site-packages/sklearn/preprocessing/_data.py:2785: UserWarning: n_quantiles (1189) is greater than the total number of samples (371). n_quantiles is set to n_samples.
  warnings.warn(
/home/hodesse/miniconda3/envs/tpot2env/lib/python3.10/site-packages/sklearn/preprocessing/_data.py:2785: UserWarning: n_quantiles (645) is greater than the total number of samples (371). n_quantiles is set to n_samples.
  warnings.warn(
/home/hodesse/miniconda3/envs/tpot2env/lib/python3.10/site-packages/sklearn/preprocessing/_data.py:2785: UserWarning: n_quantiles (645) is greater than the total number of samples (370). n_quantiles is set to n_samples.
  warnings.warn(
/home/hodesse/miniconda3/envs/tpot2env/lib/python3.10/site-packages/sklearn/preprocessing/_data.py:2785: UserWarning: n_quantiles (1189) is greater than the total number of samples (370). n_quantiles is set to n_samples.
  warnings.warn(
/home/hodesse/miniconda3/envs/tpot2env/lib/python3.10/site-packages/sklearn/preprocessing/_data.py:2785: UserWarning: n_quantiles (645) is greater than the total number of samples (370). n_quantiles is set to n_samples.
  warnings.warn(
/home/hodesse/miniconda3/envs/tpot2env/lib/python3.10/site-packages/sklearn/preprocessing/_data.py:2785: UserWarning: n_quantiles (1152) is greater than the total number of samples (370). n_quantiles is set to n_samples.
  warnings.warn(
/home/hodesse/miniconda3/envs/tpot2env/lib/python3.10/site-packages/sklearn/decomposition/_fastica.py:595: UserWarning: n_components is too large: it will be set to 4
  warnings.warn(
/home/hodesse/miniconda3/envs/tpot2env/lib/python3.10/site-packages/sklearn/preprocessing/_data.py:2785: UserWarning: n_quantiles (1189) is greater than the total number of samples (370). n_quantiles is set to n_samples.
  warnings.warn(
/home/hodesse/miniconda3/envs/tpot2env/lib/python3.10/site-packages/sklearn/preprocessing/_data.py:2785: UserWarning: n_quantiles (645) is greater than the total number of samples (370). n_quantiles is set to n_samples.
  warnings.warn(
/home/hodesse/miniconda3/envs/tpot2env/lib/python3.10/site-packages/sklearn/preprocessing/_data.py:2785: UserWarning: n_quantiles (645) is greater than the total number of samples (370). n_quantiles is set to n_samples.
  warnings.warn(
/home/hodesse/miniconda3/envs/tpot2env/lib/python3.10/site-packages/sklearn/preprocessing/_data.py:2785: UserWarning: n_quantiles (1189) is greater than the total number of samples (370). n_quantiles is set to n_samples.
  warnings.warn(
/home/hodesse/miniconda3/envs/tpot2env/lib/python3.10/site-packages/sklearn/preprocessing/_data.py:2785: UserWarning: n_quantiles (645) is greater than the total number of samples (370). n_quantiles is set to n_samples.
  warnings.warn(
/home/hodesse/miniconda3/envs/tpot2env/lib/python3.10/site-packages/sklearn/preprocessing/_data.py:2785: UserWarning: n_quantiles (1152) is greater than the total number of samples (370). n_quantiles is set to n_samples.
  warnings.warn(
/home/hodesse/miniconda3/envs/tpot2env/lib/python3.10/site-packages/sklearn/decomposition/_fastica.py:595: UserWarning: n_components is too large: it will be set to 4
  warnings.warn(
/home/hodesse/miniconda3/envs/tpot2env/lib/python3.10/site-packages/sklearn/preprocessing/_data.py:2785: UserWarning: n_quantiles (1189) is greater than the total number of samples (370). n_quantiles is set to n_samples.
  warnings.warn(
/home/hodesse/miniconda3/envs/tpot2env/lib/python3.10/site-packages/sklearn/preprocessing/_data.py:2785: UserWarning: n_quantiles (645) is greater than the total number of samples (370). n_quantiles is set to n_samples.
  warnings.warn(
/home/hodesse/miniconda3/envs/tpot2env/lib/python3.10/site-packages/sklearn/preprocessing/_data.py:2785: UserWarning: n_quantiles (645) is greater than the total number of samples (370). n_quantiles is set to n_samples.
  warnings.warn(
/home/hodesse/miniconda3/envs/tpot2env/lib/python3.10/site-packages/sklearn/preprocessing/_data.py:2785: UserWarning: n_quantiles (1189) is greater than the total number of samples (370). n_quantiles is set to n_samples.
  warnings.warn(
/home/hodesse/miniconda3/envs/tpot2env/lib/python3.10/site-packages/sklearn/preprocessing/_data.py:2785: UserWarning: n_quantiles (645) is greater than the total number of samples (370). n_quantiles is set to n_samples.
  warnings.warn(
/home/hodesse/miniconda3/envs/tpot2env/lib/python3.10/site-packages/sklearn/preprocessing/_data.py:2785: UserWarning: n_quantiles (1152) is greater than the total number of samples (370). n_quantiles is set to n_samples.
  warnings.warn(
/home/hodesse/miniconda3/envs/tpot2env/lib/python3.10/site-packages/sklearn/decomposition/_fastica.py:595: UserWarning: n_components is too large: it will be set to 4
  warnings.warn(
/home/hodesse/miniconda3/envs/tpot2env/lib/python3.10/site-packages/sklearn/preprocessing/_data.py:2785: UserWarning: n_quantiles (1189) is greater than the total number of samples (370). n_quantiles is set to n_samples.
  warnings.warn(
/home/hodesse/miniconda3/envs/tpot2env/lib/python3.10/site-packages/sklearn/preprocessing/_data.py:2785: UserWarning: n_quantiles (645) is greater than the total number of samples (370). n_quantiles is set to n_samples.
  warnings.warn(
/home/hodesse/miniconda3/envs/tpot2env/lib/python3.10/site-packages/sklearn/preprocessing/_data.py:2785: UserWarning: n_quantiles (645) is greater than the total number of samples (371). n_quantiles is set to n_samples.
  warnings.warn(
/home/hodesse/miniconda3/envs/tpot2env/lib/python3.10/site-packages/sklearn/preprocessing/_data.py:2785: UserWarning: n_quantiles (1189) is greater than the total number of samples (371). n_quantiles is set to n_samples.
  warnings.warn(
/home/hodesse/miniconda3/envs/tpot2env/lib/python3.10/site-packages/sklearn/preprocessing/_data.py:2785: UserWarning: n_quantiles (645) is greater than the total number of samples (371). n_quantiles is set to n_samples.
  warnings.warn(
/home/hodesse/miniconda3/envs/tpot2env/lib/python3.10/site-packages/sklearn/preprocessing/_data.py:2785: UserWarning: n_quantiles (1152) is greater than the total number of samples (371). n_quantiles is set to n_samples.
  warnings.warn(
/home/hodesse/miniconda3/envs/tpot2env/lib/python3.10/site-packages/sklearn/decomposition/_fastica.py:595: UserWarning: n_components is too large: it will be set to 4
  warnings.warn(
/home/hodesse/miniconda3/envs/tpot2env/lib/python3.10/site-packages/sklearn/preprocessing/_data.py:2785: UserWarning: n_quantiles (1189) is greater than the total number of samples (371). n_quantiles is set to n_samples.
  warnings.warn(
/home/hodesse/miniconda3/envs/tpot2env/lib/python3.10/site-packages/sklearn/preprocessing/_data.py:2785: UserWarning: n_quantiles (645) is greater than the total number of samples (371). n_quantiles is set to n_samples.
  warnings.warn(
/home/hodesse/miniconda3/envs/tpot2env/lib/python3.10/site-packages/sklearn/preprocessing/_data.py:2785: UserWarning: n_quantiles (645) is greater than the total number of samples (371). n_quantiles is set to n_samples.
  warnings.warn(
/home/hodesse/miniconda3/envs/tpot2env/lib/python3.10/site-packages/sklearn/preprocessing/_data.py:2785: UserWarning: n_quantiles (1189) is greater than the total number of samples (371). n_quantiles is set to n_samples.
  warnings.warn(
/home/hodesse/miniconda3/envs/tpot2env/lib/python3.10/site-packages/sklearn/preprocessing/_data.py:2785: UserWarning: n_quantiles (645) is greater than the total number of samples (371). n_quantiles is set to n_samples.
  warnings.warn(
/home/hodesse/miniconda3/envs/tpot2env/lib/python3.10/site-packages/sklearn/preprocessing/_data.py:2785: UserWarning: n_quantiles (1152) is greater than the total number of samples (371). n_quantiles is set to n_samples.
  warnings.warn(
/home/hodesse/miniconda3/envs/tpot2env/lib/python3.10/site-packages/sklearn/decomposition/_fastica.py:595: UserWarning: n_components is too large: it will be set to 4
  warnings.warn(
/home/hodesse/miniconda3/envs/tpot2env/lib/python3.10/site-packages/sklearn/preprocessing/_data.py:2785: UserWarning: n_quantiles (1189) is greater than the total number of samples (371). n_quantiles is set to n_samples.
  warnings.warn(
/home/hodesse/miniconda3/envs/tpot2env/lib/python3.10/site-packages/sklearn/preprocessing/_data.py:2785: UserWarning: n_quantiles (645) is greater than the total number of samples (371). n_quantiles is set to n_samples.
  warnings.warn(
/home/hodesse/miniconda3/envs/tpot2env/lib/python3.10/site-packages/sklearn/preprocessing/_data.py:2785: UserWarning: n_quantiles (645) is greater than the total number of samples (370). n_quantiles is set to n_samples.
  warnings.warn(
/home/hodesse/miniconda3/envs/tpot2env/lib/python3.10/site-packages/sklearn/preprocessing/_data.py:2785: UserWarning: n_quantiles (1189) is greater than the total number of samples (370). n_quantiles is set to n_samples.
  warnings.warn(
/home/hodesse/miniconda3/envs/tpot2env/lib/python3.10/site-packages/sklearn/preprocessing/_data.py:2785: UserWarning: n_quantiles (645) is greater than the total number of samples (370). n_quantiles is set to n_samples.
  warnings.warn(
/home/hodesse/miniconda3/envs/tpot2env/lib/python3.10/site-packages/sklearn/preprocessing/_data.py:2785: UserWarning: n_quantiles (1152) is greater than the total number of samples (370). n_quantiles is set to n_samples.
  warnings.warn(
/home/hodesse/miniconda3/envs/tpot2env/lib/python3.10/site-packages/sklearn/decomposition/_fastica.py:595: UserWarning: n_components is too large: it will be set to 15
  warnings.warn(
/home/hodesse/miniconda3/envs/tpot2env/lib/python3.10/site-packages/sklearn/decomposition/_fastica.py:128: ConvergenceWarning: FastICA did not converge. Consider increasing tolerance or the maximum number of iterations.
  warnings.warn(
/home/hodesse/miniconda3/envs/tpot2env/lib/python3.10/site-packages/sklearn/preprocessing/_data.py:2785: UserWarning: n_quantiles (1189) is greater than the total number of samples (370). n_quantiles is set to n_samples.
  warnings.warn(
/home/hodesse/miniconda3/envs/tpot2env/lib/python3.10/site-packages/sklearn/preprocessing/_data.py:2785: UserWarning: n_quantiles (645) is greater than the total number of samples (370). n_quantiles is set to n_samples.
  warnings.warn(
/home/hodesse/miniconda3/envs/tpot2env/lib/python3.10/site-packages/sklearn/preprocessing/_data.py:2785: UserWarning: n_quantiles (645) is greater than the total number of samples (370). n_quantiles is set to n_samples.
  warnings.warn(
/home/hodesse/miniconda3/envs/tpot2env/lib/python3.10/site-packages/sklearn/preprocessing/_data.py:2785: UserWarning: n_quantiles (1189) is greater than the total number of samples (370). n_quantiles is set to n_samples.
  warnings.warn(
/home/hodesse/miniconda3/envs/tpot2env/lib/python3.10/site-packages/sklearn/preprocessing/_data.py:2785: UserWarning: n_quantiles (645) is greater than the total number of samples (370). n_quantiles is set to n_samples.
  warnings.warn(
/home/hodesse/miniconda3/envs/tpot2env/lib/python3.10/site-packages/sklearn/preprocessing/_data.py:2785: UserWarning: n_quantiles (1152) is greater than the total number of samples (370). n_quantiles is set to n_samples.
  warnings.warn(
/home/hodesse/miniconda3/envs/tpot2env/lib/python3.10/site-packages/sklearn/decomposition/_fastica.py:595: UserWarning: n_components is too large: it will be set to 15
  warnings.warn(
/home/hodesse/miniconda3/envs/tpot2env/lib/python3.10/site-packages/sklearn/decomposition/_fastica.py:128: ConvergenceWarning: FastICA did not converge. Consider increasing tolerance or the maximum number of iterations.
  warnings.warn(
/home/hodesse/miniconda3/envs/tpot2env/lib/python3.10/site-packages/sklearn/preprocessing/_data.py:2785: UserWarning: n_quantiles (1189) is greater than the total number of samples (370). n_quantiles is set to n_samples.
  warnings.warn(
/home/hodesse/miniconda3/envs/tpot2env/lib/python3.10/site-packages/sklearn/preprocessing/_data.py:2785: UserWarning: n_quantiles (645) is greater than the total number of samples (370). n_quantiles is set to n_samples.
  warnings.warn(
/home/hodesse/miniconda3/envs/tpot2env/lib/python3.10/site-packages/sklearn/preprocessing/_data.py:2785: UserWarning: n_quantiles (645) is greater than the total number of samples (370). n_quantiles is set to n_samples.
  warnings.warn(
/home/hodesse/miniconda3/envs/tpot2env/lib/python3.10/site-packages/sklearn/preprocessing/_data.py:2785: UserWarning: n_quantiles (1189) is greater than the total number of samples (370). n_quantiles is set to n_samples.
  warnings.warn(
/home/hodesse/miniconda3/envs/tpot2env/lib/python3.10/site-packages/sklearn/preprocessing/_data.py:2785: UserWarning: n_quantiles (645) is greater than the total number of samples (370). n_quantiles is set to n_samples.
  warnings.warn(
/home/hodesse/miniconda3/envs/tpot2env/lib/python3.10/site-packages/sklearn/preprocessing/_data.py:2785: UserWarning: n_quantiles (1152) is greater than the total number of samples (370). n_quantiles is set to n_samples.
  warnings.warn(
/home/hodesse/miniconda3/envs/tpot2env/lib/python3.10/site-packages/sklearn/decomposition/_fastica.py:595: UserWarning: n_components is too large: it will be set to 13
  warnings.warn(
/home/hodesse/miniconda3/envs/tpot2env/lib/python3.10/site-packages/sklearn/decomposition/_fastica.py:128: ConvergenceWarning: FastICA did not converge. Consider increasing tolerance or the maximum number of iterations.
  warnings.warn(
/home/hodesse/miniconda3/envs/tpot2env/lib/python3.10/site-packages/sklearn/preprocessing/_data.py:2785: UserWarning: n_quantiles (1189) is greater than the total number of samples (370). n_quantiles is set to n_samples.
  warnings.warn(
/home/hodesse/miniconda3/envs/tpot2env/lib/python3.10/site-packages/sklearn/preprocessing/_data.py:2785: UserWarning: n_quantiles (645) is greater than the total number of samples (370). n_quantiles is set to n_samples.
  warnings.warn(
/home/hodesse/miniconda3/envs/tpot2env/lib/python3.10/site-packages/sklearn/preprocessing/_data.py:2785: UserWarning: n_quantiles (645) is greater than the total number of samples (371). n_quantiles is set to n_samples.
  warnings.warn(
/home/hodesse/miniconda3/envs/tpot2env/lib/python3.10/site-packages/sklearn/feature_selection/_univariate_selection.py:112: UserWarning: Features [19] are constant.
  warnings.warn("Features %s are constant." % constant_features_idx, UserWarning)
/home/hodesse/miniconda3/envs/tpot2env/lib/python3.10/site-packages/sklearn/feature_selection/_univariate_selection.py:113: RuntimeWarning: invalid value encountered in divide
  f = msb / msw
/home/hodesse/miniconda3/envs/tpot2env/lib/python3.10/site-packages/sklearn/feature_selection/_univariate_selection.py:112: UserWarning: Features [19] are constant.
  warnings.warn("Features %s are constant." % constant_features_idx, UserWarning)
/home/hodesse/miniconda3/envs/tpot2env/lib/python3.10/site-packages/sklearn/feature_selection/_univariate_selection.py:113: RuntimeWarning: invalid value encountered in divide
  f = msb / msw
/home/hodesse/miniconda3/envs/tpot2env/lib/python3.10/site-packages/sklearn/feature_selection/_univariate_selection.py:112: UserWarning: Features [19] are constant.
  warnings.warn("Features %s are constant." % constant_features_idx, UserWarning)
/home/hodesse/miniconda3/envs/tpot2env/lib/python3.10/site-packages/sklearn/feature_selection/_univariate_selection.py:113: RuntimeWarning: invalid value encountered in divide
  f = msb / msw
/home/hodesse/miniconda3/envs/tpot2env/lib/python3.10/site-packages/sklearn/preprocessing/_data.py:2785: UserWarning: n_quantiles (1189) is greater than the total number of samples (371). n_quantiles is set to n_samples.
  warnings.warn(
/home/hodesse/miniconda3/envs/tpot2env/lib/python3.10/site-packages/sklearn/preprocessing/_data.py:2785: UserWarning: n_quantiles (645) is greater than the total number of samples (371). n_quantiles is set to n_samples.
  warnings.warn(
/home/hodesse/miniconda3/envs/tpot2env/lib/python3.10/site-packages/sklearn/feature_selection/_univariate_selection.py:112: UserWarning: Features [19] are constant.
  warnings.warn("Features %s are constant." % constant_features_idx, UserWarning)
/home/hodesse/miniconda3/envs/tpot2env/lib/python3.10/site-packages/sklearn/feature_selection/_univariate_selection.py:113: RuntimeWarning: invalid value encountered in divide
  f = msb / msw
/home/hodesse/miniconda3/envs/tpot2env/lib/python3.10/site-packages/sklearn/feature_selection/_univariate_selection.py:112: UserWarning: Features [19] are constant.
  warnings.warn("Features %s are constant." % constant_features_idx, UserWarning)
/home/hodesse/miniconda3/envs/tpot2env/lib/python3.10/site-packages/sklearn/feature_selection/_univariate_selection.py:113: RuntimeWarning: invalid value encountered in divide
  f = msb / msw
/home/hodesse/miniconda3/envs/tpot2env/lib/python3.10/site-packages/sklearn/preprocessing/_data.py:2785: UserWarning: n_quantiles (1152) is greater than the total number of samples (371). n_quantiles is set to n_samples.
  warnings.warn(
/home/hodesse/miniconda3/envs/tpot2env/lib/python3.10/site-packages/sklearn/feature_selection/_univariate_selection.py:112: UserWarning: Features [19] are constant.
  warnings.warn("Features %s are constant." % constant_features_idx, UserWarning)
/home/hodesse/miniconda3/envs/tpot2env/lib/python3.10/site-packages/sklearn/feature_selection/_univariate_selection.py:113: RuntimeWarning: invalid value encountered in divide
  f = msb / msw
/home/hodesse/miniconda3/envs/tpot2env/lib/python3.10/site-packages/sklearn/feature_selection/_univariate_selection.py:112: UserWarning: Features [19] are constant.
  warnings.warn("Features %s are constant." % constant_features_idx, UserWarning)
/home/hodesse/miniconda3/envs/tpot2env/lib/python3.10/site-packages/sklearn/feature_selection/_univariate_selection.py:113: RuntimeWarning: invalid value encountered in divide
  f = msb / msw
/home/hodesse/miniconda3/envs/tpot2env/lib/python3.10/site-packages/sklearn/feature_selection/_univariate_selection.py:112: UserWarning: Features [19] are constant.
  warnings.warn("Features %s are constant." % constant_features_idx, UserWarning)
/home/hodesse/miniconda3/envs/tpot2env/lib/python3.10/site-packages/sklearn/feature_selection/_univariate_selection.py:113: RuntimeWarning: invalid value encountered in divide
  f = msb / msw
/home/hodesse/miniconda3/envs/tpot2env/lib/python3.10/site-packages/sklearn/decomposition/_fastica.py:595: UserWarning: n_components is too large: it will be set to 14
  warnings.warn(
/home/hodesse/miniconda3/envs/tpot2env/lib/python3.10/site-packages/sklearn/decomposition/_fastica.py:128: ConvergenceWarning: FastICA did not converge. Consider increasing tolerance or the maximum number of iterations.
  warnings.warn(
/home/hodesse/miniconda3/envs/tpot2env/lib/python3.10/site-packages/sklearn/preprocessing/_data.py:2785: UserWarning: n_quantiles (1189) is greater than the total number of samples (371). n_quantiles is set to n_samples.
  warnings.warn(
/home/hodesse/miniconda3/envs/tpot2env/lib/python3.10/site-packages/sklearn/preprocessing/_data.py:2785: UserWarning: n_quantiles (645) is greater than the total number of samples (371). n_quantiles is set to n_samples.
  warnings.warn(
/home/hodesse/miniconda3/envs/tpot2env/lib/python3.10/site-packages/sklearn/feature_selection/_univariate_selection.py:112: UserWarning: Features [19] are constant.
  warnings.warn("Features %s are constant." % constant_features_idx, UserWarning)
/home/hodesse/miniconda3/envs/tpot2env/lib/python3.10/site-packages/sklearn/feature_selection/_univariate_selection.py:113: RuntimeWarning: invalid value encountered in divide
  f = msb / msw
/home/hodesse/miniconda3/envs/tpot2env/lib/python3.10/site-packages/sklearn/preprocessing/_data.py:2785: UserWarning: n_quantiles (645) is greater than the total number of samples (371). n_quantiles is set to n_samples.
  warnings.warn(
/home/hodesse/miniconda3/envs/tpot2env/lib/python3.10/site-packages/sklearn/preprocessing/_data.py:2785: UserWarning: n_quantiles (1189) is greater than the total number of samples (371). n_quantiles is set to n_samples.
  warnings.warn(
/home/hodesse/miniconda3/envs/tpot2env/lib/python3.10/site-packages/sklearn/preprocessing/_data.py:2785: UserWarning: n_quantiles (645) is greater than the total number of samples (371). n_quantiles is set to n_samples.
  warnings.warn(
/home/hodesse/miniconda3/envs/tpot2env/lib/python3.10/site-packages/sklearn/preprocessing/_data.py:2785: UserWarning: n_quantiles (1152) is greater than the total number of samples (371). n_quantiles is set to n_samples.
  warnings.warn(
/home/hodesse/miniconda3/envs/tpot2env/lib/python3.10/site-packages/sklearn/decomposition/_fastica.py:595: UserWarning: n_components is too large: it will be set to 16
  warnings.warn(
/home/hodesse/miniconda3/envs/tpot2env/lib/python3.10/site-packages/sklearn/decomposition/_fastica.py:128: ConvergenceWarning: FastICA did not converge. Consider increasing tolerance or the maximum number of iterations.
  warnings.warn(
/home/hodesse/miniconda3/envs/tpot2env/lib/python3.10/site-packages/sklearn/preprocessing/_data.py:2785: UserWarning: n_quantiles (1189) is greater than the total number of samples (371). n_quantiles is set to n_samples.
  warnings.warn(
/home/hodesse/miniconda3/envs/tpot2env/lib/python3.10/site-packages/sklearn/preprocessing/_data.py:2785: UserWarning: n_quantiles (645) is greater than the total number of samples (371). n_quantiles is set to n_samples.
  warnings.warn(
/home/hodesse/miniconda3/envs/tpot2env/lib/python3.10/site-packages/sklearn/preprocessing/_data.py:2785: UserWarning: n_quantiles (645) is greater than the total number of samples (370). n_quantiles is set to n_samples.
  warnings.warn(
/home/hodesse/miniconda3/envs/tpot2env/lib/python3.10/site-packages/sklearn/preprocessing/_data.py:2785: UserWarning: n_quantiles (1189) is greater than the total number of samples (370). n_quantiles is set to n_samples.
  warnings.warn(
/home/hodesse/miniconda3/envs/tpot2env/lib/python3.10/site-packages/sklearn/preprocessing/_data.py:2785: UserWarning: n_quantiles (645) is greater than the total number of samples (370). n_quantiles is set to n_samples.
  warnings.warn(
/home/hodesse/miniconda3/envs/tpot2env/lib/python3.10/site-packages/sklearn/preprocessing/_data.py:2785: UserWarning: n_quantiles (1152) is greater than the total number of samples (370). n_quantiles is set to n_samples.
  warnings.warn(
/home/hodesse/miniconda3/envs/tpot2env/lib/python3.10/site-packages/sklearn/decomposition/_fastica.py:595: UserWarning: n_components is too large: it will be set to 4
  warnings.warn(
/home/hodesse/miniconda3/envs/tpot2env/lib/python3.10/site-packages/sklearn/preprocessing/_data.py:2785: UserWarning: n_quantiles (1189) is greater than the total number of samples (370). n_quantiles is set to n_samples.
  warnings.warn(
/home/hodesse/miniconda3/envs/tpot2env/lib/python3.10/site-packages/sklearn/preprocessing/_data.py:2785: UserWarning: n_quantiles (645) is greater than the total number of samples (370). n_quantiles is set to n_samples.
  warnings.warn(
/home/hodesse/miniconda3/envs/tpot2env/lib/python3.10/site-packages/sklearn/preprocessing/_data.py:2785: UserWarning: n_quantiles (645) is greater than the total number of samples (370). n_quantiles is set to n_samples.
  warnings.warn(
/home/hodesse/miniconda3/envs/tpot2env/lib/python3.10/site-packages/sklearn/preprocessing/_data.py:2785: UserWarning: n_quantiles (1189) is greater than the total number of samples (370). n_quantiles is set to n_samples.
  warnings.warn(
/home/hodesse/miniconda3/envs/tpot2env/lib/python3.10/site-packages/sklearn/preprocessing/_data.py:2785: UserWarning: n_quantiles (645) is greater than the total number of samples (370). n_quantiles is set to n_samples.
  warnings.warn(
/home/hodesse/miniconda3/envs/tpot2env/lib/python3.10/site-packages/sklearn/preprocessing/_data.py:2785: UserWarning: n_quantiles (1152) is greater than the total number of samples (370). n_quantiles is set to n_samples.
  warnings.warn(
/home/hodesse/miniconda3/envs/tpot2env/lib/python3.10/site-packages/sklearn/decomposition/_fastica.py:595: UserWarning: n_components is too large: it will be set to 4
  warnings.warn(
/home/hodesse/miniconda3/envs/tpot2env/lib/python3.10/site-packages/sklearn/preprocessing/_data.py:2785: UserWarning: n_quantiles (1189) is greater than the total number of samples (370). n_quantiles is set to n_samples.
  warnings.warn(
/home/hodesse/miniconda3/envs/tpot2env/lib/python3.10/site-packages/sklearn/preprocessing/_data.py:2785: UserWarning: n_quantiles (645) is greater than the total number of samples (370). n_quantiles is set to n_samples.
  warnings.warn(
/home/hodesse/miniconda3/envs/tpot2env/lib/python3.10/site-packages/sklearn/preprocessing/_data.py:2785: UserWarning: n_quantiles (645) is greater than the total number of samples (370). n_quantiles is set to n_samples.
  warnings.warn(
/home/hodesse/miniconda3/envs/tpot2env/lib/python3.10/site-packages/sklearn/preprocessing/_data.py:2785: UserWarning: n_quantiles (1189) is greater than the total number of samples (370). n_quantiles is set to n_samples.
  warnings.warn(
/home/hodesse/miniconda3/envs/tpot2env/lib/python3.10/site-packages/sklearn/preprocessing/_data.py:2785: UserWarning: n_quantiles (645) is greater than the total number of samples (370). n_quantiles is set to n_samples.
  warnings.warn(
/home/hodesse/miniconda3/envs/tpot2env/lib/python3.10/site-packages/sklearn/preprocessing/_data.py:2785: UserWarning: n_quantiles (1152) is greater than the total number of samples (370). n_quantiles is set to n_samples.
  warnings.warn(
/home/hodesse/miniconda3/envs/tpot2env/lib/python3.10/site-packages/sklearn/decomposition/_fastica.py:595: UserWarning: n_components is too large: it will be set to 4
  warnings.warn(
/home/hodesse/miniconda3/envs/tpot2env/lib/python3.10/site-packages/sklearn/preprocessing/_data.py:2785: UserWarning: n_quantiles (1189) is greater than the total number of samples (370). n_quantiles is set to n_samples.
  warnings.warn(
/home/hodesse/miniconda3/envs/tpot2env/lib/python3.10/site-packages/sklearn/preprocessing/_data.py:2785: UserWarning: n_quantiles (645) is greater than the total number of samples (370). n_quantiles is set to n_samples.
  warnings.warn(
/home/hodesse/miniconda3/envs/tpot2env/lib/python3.10/site-packages/sklearn/preprocessing/_data.py:2785: UserWarning: n_quantiles (645) is greater than the total number of samples (371). n_quantiles is set to n_samples.
  warnings.warn(
/home/hodesse/miniconda3/envs/tpot2env/lib/python3.10/site-packages/sklearn/preprocessing/_data.py:2785: UserWarning: n_quantiles (1189) is greater than the total number of samples (371). n_quantiles is set to n_samples.
  warnings.warn(
/home/hodesse/miniconda3/envs/tpot2env/lib/python3.10/site-packages/sklearn/preprocessing/_data.py:2785: UserWarning: n_quantiles (645) is greater than the total number of samples (371). n_quantiles is set to n_samples.
  warnings.warn(
/home/hodesse/miniconda3/envs/tpot2env/lib/python3.10/site-packages/sklearn/preprocessing/_data.py:2785: UserWarning: n_quantiles (1152) is greater than the total number of samples (371). n_quantiles is set to n_samples.
  warnings.warn(
/home/hodesse/miniconda3/envs/tpot2env/lib/python3.10/site-packages/sklearn/decomposition/_fastica.py:595: UserWarning: n_components is too large: it will be set to 4
  warnings.warn(
/home/hodesse/miniconda3/envs/tpot2env/lib/python3.10/site-packages/sklearn/preprocessing/_data.py:2785: UserWarning: n_quantiles (1189) is greater than the total number of samples (371). n_quantiles is set to n_samples.
  warnings.warn(
/home/hodesse/miniconda3/envs/tpot2env/lib/python3.10/site-packages/sklearn/preprocessing/_data.py:2785: UserWarning: n_quantiles (645) is greater than the total number of samples (371). n_quantiles is set to n_samples.
  warnings.warn(
/home/hodesse/miniconda3/envs/tpot2env/lib/python3.10/site-packages/sklearn/preprocessing/_data.py:2785: UserWarning: n_quantiles (645) is greater than the total number of samples (371). n_quantiles is set to n_samples.
  warnings.warn(
/home/hodesse/miniconda3/envs/tpot2env/lib/python3.10/site-packages/sklearn/preprocessing/_data.py:2785: UserWarning: n_quantiles (1189) is greater than the total number of samples (371). n_quantiles is set to n_samples.
  warnings.warn(
/home/hodesse/miniconda3/envs/tpot2env/lib/python3.10/site-packages/sklearn/preprocessing/_data.py:2785: UserWarning: n_quantiles (645) is greater than the total number of samples (371). n_quantiles is set to n_samples.
  warnings.warn(
/home/hodesse/miniconda3/envs/tpot2env/lib/python3.10/site-packages/sklearn/preprocessing/_data.py:2785: UserWarning: n_quantiles (1152) is greater than the total number of samples (371). n_quantiles is set to n_samples.
  warnings.warn(
/home/hodesse/miniconda3/envs/tpot2env/lib/python3.10/site-packages/sklearn/decomposition/_fastica.py:595: UserWarning: n_components is too large: it will be set to 4
  warnings.warn(
/home/hodesse/miniconda3/envs/tpot2env/lib/python3.10/site-packages/sklearn/preprocessing/_data.py:2785: UserWarning: n_quantiles (1189) is greater than the total number of samples (371). n_quantiles is set to n_samples.
  warnings.warn(
/home/hodesse/miniconda3/envs/tpot2env/lib/python3.10/site-packages/sklearn/preprocessing/_data.py:2785: UserWarning: n_quantiles (645) is greater than the total number of samples (371). n_quantiles is set to n_samples.
  warnings.warn(
/home/hodesse/miniconda3/envs/tpot2env/lib/python3.10/site-packages/sklearn/preprocessing/_data.py:2785: UserWarning: n_quantiles (645) is greater than the total number of samples (463). n_quantiles is set to n_samples.
  warnings.warn(
/home/hodesse/miniconda3/envs/tpot2env/lib/python3.10/site-packages/sklearn/preprocessing/_data.py:2785: UserWarning: n_quantiles (1189) is greater than the total number of samples (463). n_quantiles is set to n_samples.
  warnings.warn(
/home/hodesse/miniconda3/envs/tpot2env/lib/python3.10/site-packages/sklearn/preprocessing/_data.py:2785: UserWarning: n_quantiles (645) is greater than the total number of samples (463). n_quantiles is set to n_samples.
  warnings.warn(
/home/hodesse/miniconda3/envs/tpot2env/lib/python3.10/site-packages/sklearn/preprocessing/_data.py:2785: UserWarning: n_quantiles (1152) is greater than the total number of samples (463). n_quantiles is set to n_samples.
  warnings.warn(
/home/hodesse/miniconda3/envs/tpot2env/lib/python3.10/site-packages/sklearn/decomposition/_fastica.py:595: UserWarning: n_components is too large: it will be set to 4
  warnings.warn(
/home/hodesse/miniconda3/envs/tpot2env/lib/python3.10/site-packages/sklearn/preprocessing/_data.py:2785: UserWarning: n_quantiles (1189) is greater than the total number of samples (463). n_quantiles is set to n_samples.
  warnings.warn(
/home/hodesse/miniconda3/envs/tpot2env/lib/python3.10/site-packages/sklearn/preprocessing/_data.py:2785: UserWarning: n_quantiles (645) is greater than the total number of samples (463). n_quantiles is set to n_samples.
  warnings.warn(
Traceback (most recent call last):
  File "/common/hodesse/hpc_test/TPOT2_ensemble/hpc_test2.py", line 148, in main
    ensemble_accuracy = accuracy_score(y_test, fitted_ensemble.predict(X_test))
  File "/home/hodesse/miniconda3/envs/tpot2env/lib/python3.10/site-packages/sklearn/model_selection/_search.py", line 597, in predict
    return self.best_estimator_.predict(X)
  File "/home/hodesse/miniconda3/envs/tpot2env/lib/python3.10/site-packages/sklearn/ensemble/_stacking.py", line 695, in predict
    y_pred = super().predict(X, **predict_params)
  File "/home/hodesse/miniconda3/envs/tpot2env/lib/python3.10/site-packages/sklearn/ensemble/_stacking.py", line 382, in predict
    return self.final_estimator_.predict(self.transform(X), **predict_params)
  File "/home/hodesse/miniconda3/envs/tpot2env/lib/python3.10/site-packages/sklearn/utils/_set_output.py", line 313, in wrapped
    data_to_wrap = f(self, X, *args, **kwargs)
  File "/home/hodesse/miniconda3/envs/tpot2env/lib/python3.10/site-packages/sklearn/ensemble/_stacking.py", line 766, in transform
    return self._transform(X)
  File "/home/hodesse/miniconda3/envs/tpot2env/lib/python3.10/site-packages/sklearn/ensemble/_stacking.py", line 306, in _transform
    predictions = [
  File "/home/hodesse/miniconda3/envs/tpot2env/lib/python3.10/site-packages/sklearn/ensemble/_stacking.py", line 307, in <listcomp>
    getattr(est, meth)(X)
  File "/home/hodesse/miniconda3/envs/tpot2env/lib/python3.10/site-packages/tpot2/graphsklearn.py", line 359, in predict_proba
    this_X = get_inputs_to_node(self.graph,
  File "/home/hodesse/miniconda3/envs/tpot2env/lib/python3.10/site-packages/tpot2/graphsklearn.py", line 200, in get_inputs_to_node
    transformed_steps = transform_sklearn_digraph(graph,
  File "/home/hodesse/miniconda3/envs/tpot2env/lib/python3.10/site-packages/tpot2/graphsklearn.py", line 177, in transform_sklearn_digraph
    transformed = instance.transform(this_X)
  File "/home/hodesse/miniconda3/envs/tpot2env/lib/python3.10/site-packages/sklearn/utils/_set_output.py", line 313, in wrapped
    data_to_wrap = f(self, X, *args, **kwargs)
  File "/home/hodesse/miniconda3/envs/tpot2env/lib/python3.10/site-packages/sklearn/feature_selection/_base.py", line 102, in transform
    X = self._validate_data(
  File "/home/hodesse/miniconda3/envs/tpot2env/lib/python3.10/site-packages/sklearn/base.py", line 654, in _validate_data
    self._check_n_features(X, reset=reset)
  File "/home/hodesse/miniconda3/envs/tpot2env/lib/python3.10/site-packages/sklearn/base.py", line 443, in _check_n_features
    raise ValueError(
ValueError: X has 4 features, but VarianceThreshold is expecting 42 features as input.

During handling of the above exception, another exception occurred:

Traceback (most recent call last):
  File "/common/hodesse/hpc_test/TPOT2_ensemble/hpc_test2.py", line 178, in <module>
    main()
  File "/common/hodesse/hpc_test/TPOT2_ensemble/hpc_test2.py", line 168, in main
    pipeline_failure_dict = {"task_id": taskid,"run": num_runs, "error": str(e), "trace": trace}
NameError: name 'taskid' is not defined. Did you mean: 'task_id'?
srun: error: esplhpc-cp001: task 0: Exited with exit code 1
