“Run: 1”
/cm/local/apps/slurm/var/spool/job931537/slurm_script: line 23: $'\nconda create --name tpot2env -c conda-forge python=3.10\n': command not found
/cm/local/apps/slurm/var/spool/job931537/slurm_script: line 27: $'\npip install -r requirements.txt\n': command not found
RunStart
No permission to create OpenML directory at /home/hodesse/.config/openml! This can result in OpenML-Python not working properly.
data/167104_True.pkl
/common/hodesse/hpc_test/TPOT2_ensemble/hpc_test1.py:84: FutureWarning: Starting from Version 0.15.0 `download_splits` will default to ``False`` instead of ``True`` and be independent from `download_data`. To disable this message until version 0.15 explicitly set `download_splits` to a bool.
  X_train, y_train, X_test, y_test = load_task(taskid, preprocess=True)
/home/hodesse/miniconda3/envs/tpot2env/lib/python3.10/site-packages/openml/tasks/functions.py:442: FutureWarning: Starting from Version 0.15 `download_data`, `download_qualities`, and `download_features_meta_data` will all be ``False`` instead of ``True`` by default to enable lazy loading. To disable this message until version 0.15 explicitly set `download_data`, `download_qualities`, and `download_features_meta_data` to a bool while calling `get_dataset`.
  dataset = get_dataset(task.dataset_id, *dataset_args, **get_dataset_kwargs)
/home/hodesse/miniconda3/envs/tpot2env/lib/python3.10/site-packages/openml/tasks/task.py:150: FutureWarning: Starting from Version 0.15 `download_data`, `download_qualities`, and `download_features_meta_data` will all be ``False`` instead of ``True`` by default to enable lazy loading. To disable this message until version 0.15 explicitly set `download_data`, `download_qualities`, and `download_features_meta_data` to a bool while calling `get_dataset`.
  return datasets.get_dataset(self.dataset_id)
failed on 
logs
TPOTEstimator.__init__() missing 1 required positional argument: 'search_space'
Traceback (most recent call last):
  File "/common/hodesse/hpc_test/TPOT2_ensemble/hpc_test1.py", line 86, in <module>
    est = tpot2.TPOTEstimator(generations=25, population_size=n_jobs, cv=5,
TypeError: TPOTEstimator.__init__() missing 1 required positional argument: 'search_space'

all done
